<?xml version="1.0" encoding="UTF-8"?>
<!-- Generated by org.testng.reporters.JUnitReportReporter -->
<testsuite hostname="BhosaleA" failures="0" tests="1" name="amazon_Project1.Project1_Amazon.Testcase06_VerifyFilter" time="87.415" errors="0" timestamp="2025-02-04T06:01:21 IST" skipped="0">
  <testcase classname="amazon_Project1.Project1_Amazon.Testcase06_VerifyFilter" name="verifyFilter" time="87.415"/>
  <system-out>
    <![CDATA[Test started for test=verifyFilter
result is passed for test=verifyFilter]]>
  </system-out>
</testsuite> <!-- amazon_Project1.Project1_Amazon.Testcase06_VerifyFilter -->
