<?xml version="1.0" encoding="UTF-8"?>
<!-- Generated by org.testng.reporters.JUnitReportReporter -->
<testsuite hostname="BhosaleA" failures="0" tests="1" name="amazon_Project1.Project1_Amazon.TestCase2_Loginwithcorreccredential" time="11.851" errors="0" timestamp="2025-01-25T23:12:43 IST" skipped="0">
  <testcase classname="amazon_Project1.Project1_Amazon.TestCase2_Loginwithcorreccredential" name="loginwithcorrectcred" time="11.851"/>
  <system-out/>
</testsuite> <!-- amazon_Project1.Project1_Amazon.TestCase2_Loginwithcorreccredential -->
