<?xml version="1.0" encoding="UTF-8"?>
<!-- Generated by org.testng.reporters.JUnitReportReporter -->
<testsuite hostname="BhosaleA" failures="0" tests="2" name="amazon_Project1.Project1_Amazon.Testcase08_VerifySort_Project1" time="593.081" errors="0" timestamp="2025-02-03T07:01:59 IST" skipped="0">
  <testcase classname="amazon_Project1.Project1_Amazon.Testcase08_VerifySort_Project1" name="verifySort" time="300.130"/>
  <system-out>
    <![CDATA[result is passed for test=verifySort]]>
  </system-out>
  <testcase classname="amazon_Project1.Project1_Amazon.Testcase08_VerifySort_Project1" name="verifySort" time="292.951"/>
  <system-out/>
</testsuite> <!-- amazon_Project1.Project1_Amazon.Testcase08_VerifySort_Project1 -->
