<?xml version="1.0" encoding="UTF-8"?>
<!-- Generated by org.testng.reporters.JUnitReportReporter -->
<testsuite hostname="BhosaleA" failures="0" tests="1" name="amazon_Project1.Project1_Amazon.TestCase2_Loginwithcorrectcred" time="10.547" errors="0" timestamp="2025-01-28T08:20:49 IST" skipped="0">
  <testcase classname="amazon_Project1.Project1_Amazon.TestCase2_Loginwithcorrectcred" name="loginwithcorrectcred" time="10.547"/>
  <system-out/>
</testsuite> <!-- amazon_Project1.Project1_Amazon.TestCase2_Loginwithcorrectcred -->
