<?xml version="1.0" encoding="UTF-8"?>
<!-- Generated by org.testng.reporters.JUnitReportReporter -->
<testsuite hostname="BhosaleA" failures="0" tests="3" name="amazon_Project1.Project1_Amazon.Testcase13_applycoupen" time="220.829" errors="0" timestamp="2025-02-04T06:01:21 IST" skipped="2">
  <testcase classname="amazon_Project1.Project1_Amazon.Testcase13_applycoupen" name="applycoupen" time="75.047">
    <skipped/>
  </testcase> <!-- applycoupen -->
  <system-out>
    <![CDATA[Test started for test=applycoupen
result is SKIPPED for test=applycoupen]]>
  </system-out>
  <testcase classname="amazon_Project1.Project1_Amazon.Testcase13_applycoupen" name="applycoupen" time="71.462"/>
  <system-out>
    <![CDATA[Test started for test=applycoupen
result is passed for test=applycoupen]]>
  </system-out>
  <testcase classname="amazon_Project1.Project1_Amazon.Testcase13_applycoupen" name="applycoupen" time="74.320">
    <skipped/>
  </testcase> <!-- applycoupen -->
  <system-out>
    <![CDATA[Test started for test=applycoupen
result is SKIPPED for test=applycoupen]]>
  </system-out>
</testsuite> <!-- amazon_Project1.Project1_Amazon.Testcase13_applycoupen -->
