<?xml version="1.0" encoding="UTF-8"?>
<!-- Generated by org.testng.reporters.JUnitReportReporter -->
<testsuite hostname="BhosaleA" failures="0" tests="1" name="amazon_Project1.Project1_Amazon.Testcase15_Cartpage_Withoutlogin" time="40.529" errors="0" timestamp="2025-02-04T12:34:28 IST" skipped="0">
  <testcase classname="amazon_Project1.Project1_Amazon.Testcase15_Cartpage_Withoutlogin" name="cartpage_withoutlogin" time="40.529"/>
  <system-out>
    <![CDATA[Test started for test=SuiteParallelAll,cartpage_withoutlogin
result is passed for test=SuiteParallelAll,cartpage_withoutlogin]]>
  </system-out>
</testsuite> <!-- amazon_Project1.Project1_Amazon.Testcase15_Cartpage_Withoutlogin -->
