<?xml version="1.0" encoding="UTF-8"?>
<!-- Generated by org.testng.reporters.JUnitReportReporter -->
<testsuite hostname="BhosaleA" failures="0" tests="1" name="amazon_Project1.Project1_Amazon.Testcase12_Allpaymentmethod_Project1" time="58.783" errors="0" timestamp="2025-02-04T22:21:46 IST" skipped="0">
  <testcase classname="amazon_Project1.Project1_Amazon.Testcase12_Allpaymentmethod_Project1" name="allpaymentmethod" time="58.783"/>
  <system-out>
    <![CDATA[Test started for test=SuiteParallelAll,allpaymentmethod
result is passed for test=SuiteParallelAll,allpaymentmethod]]>
  </system-out>
</testsuite> <!-- amazon_Project1.Project1_Amazon.Testcase12_Allpaymentmethod_Project1 -->
