<?xml version="1.0" encoding="UTF-8"?>
<!-- Generated by org.testng.reporters.JUnitReportReporter -->
<testsuite hostname="BhosaleA" failures="0" tests="2" name="amazon_Project1.Project1_Amazon.TestCase02_Loginwithcorrectcred" time="275.044" errors="0" timestamp="2025-02-01T20:34:05 IST" skipped="0">
  <testcase classname="amazon_Project1.Project1_Amazon.TestCase02_Loginwithcorrectcred" name="loginwithcorrectcred" time="130.768"/>
  <system-out>
    <![CDATA[result is passed for test=loginwithcorrectcred]]>
  </system-out>
  <testcase classname="amazon_Project1.Project1_Amazon.TestCase02_Loginwithcorrectcred" name="loginwithcorrectcred" time="144.276"/>
  <system-out>
    <![CDATA[result is passed for test=loginwithcorrectcred]]>
  </system-out>
</testsuite> <!-- amazon_Project1.Project1_Amazon.TestCase02_Loginwithcorrectcred -->
