<?xml version="1.0" encoding="UTF-8"?>
<!-- Generated by org.testng.reporters.JUnitReportReporter -->
<testsuite hostname="BhosaleA" failures="0" tests="2" name="amazon_Project1.Project1_Amazon.Testcase12_Allpaymentmethod_Project1" time="561.038" errors="0" timestamp="2025-02-03T07:01:59 IST" skipped="0">
  <testcase classname="amazon_Project1.Project1_Amazon.Testcase12_Allpaymentmethod_Project1" name="allpaymentmethod" time="288.981"/>
  <system-out>
    <![CDATA[result is passed for test=allpaymentmethod]]>
  </system-out>
  <testcase classname="amazon_Project1.Project1_Amazon.Testcase12_Allpaymentmethod_Project1" name="allpaymentmethod" time="272.057"/>
  <system-out/>
</testsuite> <!-- amazon_Project1.Project1_Amazon.Testcase12_Allpaymentmethod_Project1 -->
