<?xml version="1.0" encoding="UTF-8"?>
<!-- Generated by org.testng.reporters.JUnitReportReporter -->
<testsuite hostname="BhosaleA" failures="0" tests="1" name="amazon_Project1.Project1_Amazon.TestCase4_Editprofile" time="20.628" errors="0" timestamp="2025-01-27T09:45:11 IST" skipped="0">
  <testcase classname="amazon_Project1.Project1_Amazon.TestCase4_Editprofile" name="editprofile" time="20.628"/>
  <system-out/>
</testsuite> <!-- amazon_Project1.Project1_Amazon.TestCase4_Editprofile -->
