<?xml version="1.0" encoding="UTF-8"?>
<!-- Generated by org.testng.reporters.JUnitReportReporter -->
<testsuite hostname="BhosaleA" failures="0" tests="1" name="amazon_Project1.Project1_Amazon.Testcase05_SearchProduct_Project1" time="17.235" errors="0" timestamp="2025-01-29T06:29:54 IST" skipped="0">
  <testcase classname="amazon_Project1.Project1_Amazon.Testcase05_SearchProduct_Project1" name="searchproduct1" time="17.235"/>
  <system-out/>
</testsuite> <!-- amazon_Project1.Project1_Amazon.Testcase05_SearchProduct_Project1 -->
