<?xml version="1.0" encoding="UTF-8"?>
<!-- Generated by org.testng.reporters.JUnitReportReporter -->
<testsuite hostname="BhosaleA" failures="0" tests="2" name="amazon_Project1.Project1_Amazon.TestCase02_Loginwithcorrectcred" time="22.546" errors="0" timestamp="2025-02-03T21:51:40 IST" skipped="0">
  <testcase classname="amazon_Project1.Project1_Amazon.TestCase02_Loginwithcorrectcred" name="loginwithcorrectcred" time="11.574"/>
  <system-out>
    <![CDATA[Test started for test=loginwithcorrectcred
result is passed for test=loginwithcorrectcred]]>
  </system-out>
  <testcase classname="amazon_Project1.Project1_Amazon.TestCase02_Loginwithcorrectcred" name="loginwithcorrectcred" time="10.972"/>
  <system-out>
    <![CDATA[Test started for test=loginwithcorrectcred
result is passed for test=loginwithcorrectcred]]>
  </system-out>
</testsuite> <!-- amazon_Project1.Project1_Amazon.TestCase02_Loginwithcorrectcred -->
