<?xml version="1.0" encoding="UTF-8"?>
<!-- Generated by org.testng.reporters.JUnitReportReporter -->
<testsuite hostname="BhosaleA" failures="0" tests="1" name="amazon_Project1.Project1_Amazon.Testcase05_SearchProduct_Project1" time="16.355" errors="0" timestamp="2025-02-04T02:14:16 IST" skipped="0">
  <testcase classname="amazon_Project1.Project1_Amazon.Testcase05_SearchProduct_Project1" name="searchproduct1" time="16.355"/>
  <system-out>
    <![CDATA[Test started for test=searchproduct1
result is passed for test=searchproduct1]]>
  </system-out>
</testsuite> <!-- amazon_Project1.Project1_Amazon.Testcase05_SearchProduct_Project1 -->
