<?xml version="1.0" encoding="UTF-8"?>
<!-- Generated by org.testng.reporters.JUnitReportReporter -->
<testsuite hostname="BhosaleA" failures="0" tests="4" name="amazon_Project1.Project1_Amazon.TestCase09_Addtocart_Project1" time="151.029" errors="0" timestamp="2025-01-28T12:51:54 IST" skipped="2">
  <testcase classname="amazon_Project1.Project1_Amazon.TestCase09_Addtocart_Project1" name="addtocart" time="33.673"/>
  <system-out>
    <![CDATA[result is passed for test=addtocart]]>
  </system-out>
  <testcase classname="amazon_Project1.Project1_Amazon.TestCase09_Addtocart_Project1" name="addtocart" time="28.798">
    <skipped/>
  </testcase> <!-- addtocart -->
  <system-out/>
  <testcase classname="amazon_Project1.Project1_Amazon.TestCase09_Addtocart_Project1" name="addtocart" time="26.888"/>
  <system-out>
    <![CDATA[result is passed for test=addtocart]]>
  </system-out>
  <testcase classname="amazon_Project1.Project1_Amazon.TestCase09_Addtocart_Project1" name="addtocart" time="61.670">
    <skipped/>
  </testcase> <!-- addtocart -->
  <system-out/>
</testsuite> <!-- amazon_Project1.Project1_Amazon.TestCase09_Addtocart_Project1 -->
