<?xml version="1.0" encoding="UTF-8"?>
<!-- Generated by org.testng.reporters.JUnitReportReporter -->
<testsuite hostname="BhosaleA" failures="0" tests="1" name="amazon_Project1.Project1_Amazon.Testcase06_VerifyFilter" time="54.946" errors="0" timestamp="2025-02-04T22:21:46 IST" skipped="0">
  <testcase classname="amazon_Project1.Project1_Amazon.Testcase06_VerifyFilter" name="verifyFilter" time="54.946"/>
  <system-out>
    <![CDATA[Test started for test=SuiteParallelAll,verifyFilter
result is passed for test=SuiteParallelAll,verifyFilter]]>
  </system-out>
</testsuite> <!-- amazon_Project1.Project1_Amazon.Testcase06_VerifyFilter -->
