<?xml version="1.0" encoding="UTF-8"?>
<!-- Generated by org.testng.reporters.JUnitReportReporter -->
<testsuite hostname="BhosaleA" failures="0" tests="3" name="amazon_Project1.Project1_Amazon.TestCase10_AddandRemoveCart_Project1" time="121.881" errors="0" timestamp="2025-02-04T06:46:06 IST" skipped="1">
  <testcase classname="amazon_Project1.Project1_Amazon.TestCase10_AddandRemoveCart_Project1" name="addandremove" time="46.044"/>
  <system-out>
    <![CDATA[Test started for test=Suite2,addandremove
result is passed for test=Suite2,addandremove]]>
  </system-out>
  <testcase classname="amazon_Project1.Project1_Amazon.TestCase10_AddandRemoveCart_Project1" name="addandremove" time="37.925"/>
  <system-out>
    <![CDATA[Test started for test=Suite2,addandremove
result is passed for test=Suite2,addandremove]]>
  </system-out>
  <testcase classname="amazon_Project1.Project1_Amazon.TestCase10_AddandRemoveCart_Project1" name="addandremove" time="37.912">
    <skipped/>
  </testcase> <!-- addandremove -->
  <system-out>
    <![CDATA[Test started for test=Suite2,addandremove
result is SKIPPED for test=Suite2,addandremove]]>
  </system-out>
</testsuite> <!-- amazon_Project1.Project1_Amazon.TestCase10_AddandRemoveCart_Project1 -->
