<?xml version="1.0" encoding="UTF-8"?>
<!-- Generated by org.testng.reporters.JUnitReportReporter -->
<testsuite hostname="BhosaleA" failures="0" tests="1" name="amazon_Project1.Project1_Amazon.Testcase07_ProductDetailsPage_project1" time="20.790" errors="0" timestamp="2025-02-04T02:14:16 IST" skipped="0">
  <testcase classname="amazon_Project1.Project1_Amazon.Testcase07_ProductDetailsPage_project1" name="verifyProductDetails" time="20.790"/>
  <system-out>
    <![CDATA[Test started for test=verifyProductDetails
result is passed for test=verifyProductDetails]]>
  </system-out>
</testsuite> <!-- amazon_Project1.Project1_Amazon.Testcase07_ProductDetailsPage_project1 -->
