<?xml version="1.0" encoding="UTF-8"?>
<!-- Generated by org.testng.reporters.JUnitReportReporter -->
<testsuite hostname="BhosaleA" failures="0" tests="3" name="amazon_Project1.Project1_Amazon.TestCase02_Loginwithcorrectcred" time="39.391" errors="0" timestamp="2025-01-29T06:22:02 IST" skipped="1">
  <testcase classname="amazon_Project1.Project1_Amazon.TestCase02_Loginwithcorrectcred" name="loginwithcorrectcred" time="11.587"/>
  <system-out/>
  <testcase classname="amazon_Project1.Project1_Amazon.TestCase02_Loginwithcorrectcred" name="loginwithcorrectcred" time="12.978"/>
  <system-out/>
  <testcase classname="amazon_Project1.Project1_Amazon.TestCase02_Loginwithcorrectcred" name="loginwithcorrectcred" time="14.826">
    <skipped/>
  </testcase> <!-- loginwithcorrectcred -->
  <system-out/>
</testsuite> <!-- amazon_Project1.Project1_Amazon.TestCase02_Loginwithcorrectcred -->
