<?xml version="1.0" encoding="UTF-8"?>
<!-- Generated by org.testng.reporters.JUnitReportReporter -->
<testsuite hostname="BhosaleA" failures="0" tests="6" name="amazon_Project1.Project1_Amazon.TestCase10_AddandRemoveCart_Project1" time="254.478" errors="0" timestamp="2025-01-28T12:51:54 IST" skipped="4">
  <testcase classname="amazon_Project1.Project1_Amazon.TestCase10_AddandRemoveCart_Project1" name="addandremove" time="42.010"/>
  <system-out>
    <![CDATA[result is passed for test=addandremove]]>
  </system-out>
  <testcase classname="amazon_Project1.Project1_Amazon.TestCase10_AddandRemoveCart_Project1" name="addandremove" time="31.570">
    <skipped/>
  </testcase> <!-- addandremove -->
  <system-out/>
  <testcase classname="amazon_Project1.Project1_Amazon.TestCase10_AddandRemoveCart_Project1" name="addandremove" time="40.098"/>
  <system-out>
    <![CDATA[result is passed for test=addandremove]]>
  </system-out>
  <testcase classname="amazon_Project1.Project1_Amazon.TestCase10_AddandRemoveCart_Project1" name="addandremove" time="63.280">
    <skipped/>
  </testcase> <!-- addandremove -->
  <system-out/>
  <testcase classname="amazon_Project1.Project1_Amazon.TestCase10_AddandRemoveCart_Project1" name="addandremove" time="56.552">
    <skipped/>
  </testcase> <!-- addandremove -->
  <system-out/>
  <testcase classname="amazon_Project1.Project1_Amazon.TestCase10_AddandRemoveCart_Project1" name="addandremove" time="20.968">
    <skipped/>
  </testcase> <!-- addandremove -->
  <system-out/>
</testsuite> <!-- amazon_Project1.Project1_Amazon.TestCase10_AddandRemoveCart_Project1 -->
