<?xml version="1.0" encoding="UTF-8"?>
<!-- Generated by org.testng.reporters.JUnitReportReporter -->
<testsuite hostname="BhosaleA" failures="0" tests="2" name="amazon_Project1.Project1_Amazon.Testcase05_SearchProduct_Project1" time="45.015" errors="0" timestamp="2025-01-30T11:49:06 IST" skipped="0">
  <testcase classname="amazon_Project1.Project1_Amazon.Testcase05_SearchProduct_Project1" name="searchproduct1" time="19.794"/>
  <system-out>
    <![CDATA[result is passed for test=searchproduct1]]>
  </system-out>
  <testcase classname="amazon_Project1.Project1_Amazon.Testcase05_SearchProduct_Project1" name="searchproduct1" time="25.221"/>
  <system-out>
    <![CDATA[result is passed for test=searchproduct1]]>
  </system-out>
</testsuite> <!-- amazon_Project1.Project1_Amazon.Testcase05_SearchProduct_Project1 -->
