<?xml version="1.0" encoding="UTF-8"?>
<!-- Generated by org.testng.reporters.JUnitReportReporter -->
<testsuite hostname="BhosaleA" failures="0" tests="2" name="amazon_Project1.Project1_Amazon.Testcase01_Registration" time="53.580" errors="0" timestamp="2025-02-03T11:47:23 IST" skipped="1">
  <testcase classname="amazon_Project1.Project1_Amazon.Testcase01_Registration" name="registration" time="6.655"/>
  <system-out>
    <![CDATA[Test started for test=registration
result is passed for test=registration]]>
  </system-out>
  <testcase classname="amazon_Project1.Project1_Amazon.Testcase01_Registration" name="registration" time="46.925">
    <skipped/>
  </testcase> <!-- registration -->
  <system-out>
    <![CDATA[Test started for test=registration
result is SKIPPED for test=registration]]>
  </system-out>
</testsuite> <!-- amazon_Project1.Project1_Amazon.Testcase01_Registration -->
