<?xml version="1.0" encoding="UTF-8"?>
<!-- Generated by org.testng.reporters.JUnitReportReporter -->
<testsuite hostname="BhosaleA" failures="0" tests="3" name="amazon_Project1.Project1_Amazon.Testcase13_applycoupen" time="136.185" errors="1" timestamp="2025-02-04T22:21:46 IST" skipped="2">
  <testcase classname="amazon_Project1.Project1_Amazon.Testcase13_applycoupen" name="applycoupen" time="37.622">
    <skipped/>
  </testcase> <!-- applycoupen -->
  <system-out>
    <![CDATA[Test started for test=SuiteParallelAll,applycoupen
result is SKIPPED for test=SuiteParallelAll,applycoupen]]>
  </system-out>
  <testcase classname="amazon_Project1.Project1_Amazon.Testcase13_applycoupen" name="applycoupen" time="48.403">
    <error type="java.util.NoSuchElementException">
      <![CDATA[java.util.NoSuchElementException
at java.base/java.util.LinkedHashMap$LinkedHashIterator.nextNode(LinkedHashMap.java:1026)
at java.base/java.util.LinkedHashMap$LinkedKeyIterator.next(LinkedHashMap.java:1047)
at amazon_Project1.Project1_Amazon.Product1page_Project1.product(Product1page_Project1.java:46)
at amazon_Project1.Project1_Amazon.Testcase13_applycoupen.applycoupen(Testcase13_applycoupen.java:19)
at java.base/jdk.internal.reflect.DirectMethodHandleAccessor.invoke(DirectMethodHandleAccessor.java:103)
at java.base/java.lang.reflect.Method.invoke(Method.java:580)
at org.testng.internal.MethodInvocationHelper.invokeMethod(MethodInvocationHelper.java:133)
at org.testng.internal.TestInvoker.invokeMethod(TestInvoker.java:598)
at org.testng.internal.TestInvoker.retryFailed(TestInvoker.java:213)
at org.testng.internal.MethodRunner.runInSequence(MethodRunner.java:58)
at org.testng.internal.TestInvoker$MethodInvocationAgent.invoke(TestInvoker.java:824)
at org.testng.internal.TestInvoker.invokeTestMethods(TestInvoker.java:146)
at org.testng.internal.TestMethodWorker.invokeTestMethods(TestMethodWorker.java:146)
at org.testng.internal.TestMethodWorker.run(TestMethodWorker.java:128)
at java.base/java.util.concurrent.ThreadPoolExecutor.runWorker(ThreadPoolExecutor.java:1144)
at java.base/java.util.concurrent.ThreadPoolExecutor$Worker.run(ThreadPoolExecutor.java:642)
at java.base/java.lang.Thread.run(Thread.java:1575)
]]>
    </error>
  </testcase> <!-- applycoupen -->
  <system-out>
    <![CDATA[Test started for test=SuiteParallelAll,applycoupen
result is failed for test=SuiteParallelAll,applycoupen]]>
  </system-out>
  <testcase classname="amazon_Project1.Project1_Amazon.Testcase13_applycoupen" name="applycoupen" time="50.160">
    <skipped/>
  </testcase> <!-- applycoupen -->
  <system-out>
    <![CDATA[Test started for test=SuiteParallelAll,applycoupen
result is SKIPPED for test=SuiteParallelAll,applycoupen]]>
  </system-out>
</testsuite> <!-- amazon_Project1.Project1_Amazon.Testcase13_applycoupen -->
