<?xml version="1.0" encoding="UTF-8"?>
<!-- Generated by org.testng.reporters.JUnitReportReporter -->
<testsuite hostname="BhosaleA" failures="0" tests="1" name="amazon_Project1.Project1_Amazon.Testcase11_Checkoutprocess_project1" time="50.417" errors="0" timestamp="2025-02-04T12:34:28 IST" skipped="0">
  <testcase classname="amazon_Project1.Project1_Amazon.Testcase11_Checkoutprocess_project1" name="checkout" time="50.417"/>
  <system-out>
    <![CDATA[Test started for test=SuiteParallelAll,checkout
result is passed for test=SuiteParallelAll,checkout]]>
  </system-out>
</testsuite> <!-- amazon_Project1.Project1_Amazon.Testcase11_Checkoutprocess_project1 -->
