<?xml version="1.0" encoding="UTF-8"?>
<!-- Generated by org.testng.reporters.JUnitReportReporter -->
<testsuite hostname="BhosaleA" failures="0" tests="2" name="amazon_Project1.Project1_Amazon.Testcase00007_ProductDetailsPage_project1_Enhanced" time="78.252" errors="0" timestamp="2025-02-04T06:46:06 IST" skipped="0">
  <testcase classname="amazon_Project1.Project1_Amazon.Testcase00007_ProductDetailsPage_project1_Enhanced" name="verifyProductDetails" time="40.119"/>
  <system-out>
    <![CDATA[Test started for test=Suite2,verifyProductDetails
result is passed for test=Suite2,verifyProductDetails]]>
  </system-out>
  <testcase classname="amazon_Project1.Project1_Amazon.Testcase00007_ProductDetailsPage_project1_Enhanced" name="verifyProductDetails" time="38.133"/>
  <system-out>
    <![CDATA[Test started for test=Suite2,verifyProductDetails
result is passed for test=Suite2,verifyProductDetails]]>
  </system-out>
</testsuite> <!-- amazon_Project1.Project1_Amazon.Testcase00007_ProductDetailsPage_project1_Enhanced -->
