<?xml version="1.0" encoding="UTF-8"?>
<!-- Generated by org.testng.reporters.JUnitReportReporter -->
<testsuite hostname="BhosaleA" failures="0" tests="2" name="amazon_Project1.Project1_Amazon.Testcase07_ProductDetailsPage_project1" time="106.943" errors="0" timestamp="2025-02-04T12:34:28 IST" skipped="1">
  <testcase classname="amazon_Project1.Project1_Amazon.Testcase07_ProductDetailsPage_project1" name="verifyProductDetails" time="53.337"/>
  <system-out>
    <![CDATA[Test started for test=SuiteParallelAll,verifyProductDetails
result is passed for test=SuiteParallelAll,verifyProductDetails]]>
  </system-out>
  <testcase classname="amazon_Project1.Project1_Amazon.Testcase07_ProductDetailsPage_project1" name="verifyProductDetails" time="53.606">
    <skipped/>
  </testcase> <!-- verifyProductDetails -->
  <system-out>
    <![CDATA[Test started for test=SuiteParallelAll,verifyProductDetails
result is SKIPPED for test=SuiteParallelAll,verifyProductDetails]]>
  </system-out>
</testsuite> <!-- amazon_Project1.Project1_Amazon.Testcase07_ProductDetailsPage_project1 -->
