<?xml version="1.0" encoding="UTF-8"?>
<!-- Generated by org.testng.reporters.JUnitReportReporter -->
<testsuite hostname="BhosaleA" failures="0" tests="2" name="amazon_Project1.Project1_Amazon.TestCase10_AddandRemoveCart_Project1" time="591.167" errors="0" timestamp="2025-02-03T07:01:59 IST" skipped="0">
  <testcase classname="amazon_Project1.Project1_Amazon.TestCase10_AddandRemoveCart_Project1" name="addandremove" time="290.999"/>
  <system-out>
    <![CDATA[result is passed for test=addandremove]]>
  </system-out>
  <testcase classname="amazon_Project1.Project1_Amazon.TestCase10_AddandRemoveCart_Project1" name="addandremove" time="300.168"/>
  <system-out/>
</testsuite> <!-- amazon_Project1.Project1_Amazon.TestCase10_AddandRemoveCart_Project1 -->
