<?xml version="1.0" encoding="UTF-8"?>
<!-- Generated by org.testng.reporters.JUnitReportReporter -->
<testsuite hostname="BhosaleA" failures="0" tests="2" name="amazon_Project1.Project1_Amazon.TestCase03_LoginwithIncorrect" time="34.292" errors="0" timestamp="2025-01-30T11:49:06 IST" skipped="0">
  <testcase classname="amazon_Project1.Project1_Amazon.TestCase03_LoginwithIncorrect" name="loginwithincorrectcred" time="18.362"/>
  <system-out>
    <![CDATA[result is passed for test=loginwithincorrectcred]]>
  </system-out>
  <testcase classname="amazon_Project1.Project1_Amazon.TestCase03_LoginwithIncorrect" name="loginwithincorrectcred" time="15.930"/>
  <system-out>
    <![CDATA[result is passed for test=loginwithincorrectcred]]>
  </system-out>
</testsuite> <!-- amazon_Project1.Project1_Amazon.TestCase03_LoginwithIncorrect -->
