<?xml version="1.0" encoding="UTF-8"?>
<!-- Generated by org.testng.reporters.JUnitReportReporter -->
<testsuite hostname="BhosaleA" failures="0" tests="2" name="amazon_Project1.Project1_Amazon.TestCase02_Loginwithdataprovider" time="25.710" errors="0" timestamp="2025-01-30T13:16:31 IST" skipped="0">
  <testcase classname="amazon_Project1.Project1_Amazon.TestCase02_Loginwithdataprovider" name="loginwithcorrectcred" time="14.131"/>
  <system-out/>
  <testcase classname="amazon_Project1.Project1_Amazon.TestCase02_Loginwithdataprovider" name="loginwithcorrectcred" time="11.579"/>
  <system-out/>
</testsuite> <!-- amazon_Project1.Project1_Amazon.TestCase02_Loginwithdataprovider -->
