<?xml version="1.0" encoding="UTF-8"?>
<!-- Generated by org.testng.reporters.JUnitReportReporter -->
<testsuite hostname="BhosaleA" failures="0" tests="2" name="amazon_Project1.Project1_Amazon.TestCase09_Addtocart_Project1" time="540.658" errors="0" timestamp="2025-02-03T07:01:59 IST" skipped="0">
  <testcase classname="amazon_Project1.Project1_Amazon.TestCase09_Addtocart_Project1" name="addtocart" time="273.733"/>
  <system-out/>
  <testcase classname="amazon_Project1.Project1_Amazon.TestCase09_Addtocart_Project1" name="addtocart" time="266.925"/>
  <system-out>
    <![CDATA[result is passed for test=addtocart]]>
  </system-out>
</testsuite> <!-- amazon_Project1.Project1_Amazon.TestCase09_Addtocart_Project1 -->
