<?xml version="1.0" encoding="UTF-8"?>
<!-- Generated by org.testng.reporters.JUnitReportReporter -->
<testsuite hostname="BhosaleA" failures="0" tests="1" name="amazon_Project1.Project1_Amazon.Testcase11_Checkoutprocess_project1" time="31.345" errors="0" timestamp="2025-02-04T02:14:16 IST" skipped="0">
  <testcase classname="amazon_Project1.Project1_Amazon.Testcase11_Checkoutprocess_project1" name="checkout" time="31.345"/>
  <system-out>
    <![CDATA[Test started for test=checkout
result is passed for test=checkout]]>
  </system-out>
</testsuite> <!-- amazon_Project1.Project1_Amazon.Testcase11_Checkoutprocess_project1 -->
