<?xml version="1.0" encoding="UTF-8"?>
<!-- Generated by org.testng.reporters.JUnitReportReporter -->
<testsuite hostname="BhosaleA" failures="0" tests="1" name="amazon_Project1.Project1_Amazon.Testcase13_applycoupen" time="72.713" errors="0" timestamp="2025-02-04T12:34:28 IST" skipped="0">
  <testcase classname="amazon_Project1.Project1_Amazon.Testcase13_applycoupen" name="applycoupen" time="72.713"/>
  <system-out>
    <![CDATA[Test started for test=SuiteParallelAll,applycoupen
result is passed for test=SuiteParallelAll,applycoupen]]>
  </system-out>
</testsuite> <!-- amazon_Project1.Project1_Amazon.Testcase13_applycoupen -->
