<?xml version="1.0" encoding="UTF-8"?>
<!-- Generated by org.testng.reporters.JUnitReportReporter -->
<testsuite hostname="BhosaleA" failures="0" tests="4" name="amazon_Project1.Project1_Amazon.Testcase12_Allpaymentmethod_Project1" time="188.349" errors="0" timestamp="2025-01-28T12:51:54 IST" skipped="2">
  <testcase classname="amazon_Project1.Project1_Amazon.Testcase12_Allpaymentmethod_Project1" name="allpaymentmethod" time="65.596">
    <skipped/>
  </testcase> <!-- allpaymentmethod -->
  <system-out/>
  <testcase classname="amazon_Project1.Project1_Amazon.Testcase12_Allpaymentmethod_Project1" name="allpaymentmethod" time="31.071"/>
  <system-out>
    <![CDATA[result is passed for test=allpaymentmethod]]>
  </system-out>
  <testcase classname="amazon_Project1.Project1_Amazon.Testcase12_Allpaymentmethod_Project1" name="allpaymentmethod" time="51.867">
    <skipped/>
  </testcase> <!-- allpaymentmethod -->
  <system-out/>
  <testcase classname="amazon_Project1.Project1_Amazon.Testcase12_Allpaymentmethod_Project1" name="allpaymentmethod" time="39.815"/>
  <system-out>
    <![CDATA[result is passed for test=allpaymentmethod]]>
  </system-out>
</testsuite> <!-- amazon_Project1.Project1_Amazon.Testcase12_Allpaymentmethod_Project1 -->
