<?xml version="1.0" encoding="UTF-8"?>
<!-- Generated by org.testng.reporters.JUnitReportReporter -->
<testsuite hostname="BhosaleA" failures="0" tests="2" name="amazon_Project1.Project1_Amazon.TestCase02_Loginwithdataprovider" time="72.598" errors="0" timestamp="2025-02-04T22:21:46 IST" skipped="0">
  <testcase classname="amazon_Project1.Project1_Amazon.TestCase02_Loginwithdataprovider" name="loginwithcorrectcred" time="44.945"/>
  <system-out>
    <![CDATA[Test started for test=SuiteParallelAll,loginwithcorrectcred
result is passed for test=SuiteParallelAll,loginwithcorrectcred]]>
  </system-out>
  <testcase classname="amazon_Project1.Project1_Amazon.TestCase02_Loginwithdataprovider" name="loginwithcorrectcred" time="27.653"/>
  <system-out>
    <![CDATA[Test started for test=SuiteParallelAll,loginwithcorrectcred
result is passed for test=SuiteParallelAll,loginwithcorrectcred]]>
  </system-out>
</testsuite> <!-- amazon_Project1.Project1_Amazon.TestCase02_Loginwithdataprovider -->
