<?xml version="1.0" encoding="UTF-8"?>
<!-- Generated by org.testng.reporters.JUnitReportReporter -->
<testsuite hostname="BhosaleA" failures="0" tests="2" name="amazon_Project1.Project1_Amazon.TestCase09_Addtocart_Project1" time="106.694" errors="0" timestamp="2025-02-04T22:21:46 IST" skipped="1">
  <testcase classname="amazon_Project1.Project1_Amazon.TestCase09_Addtocart_Project1" name="addtocart" time="56.992">
    <skipped/>
  </testcase> <!-- addtocart -->
  <system-out>
    <![CDATA[Test started for test=SuiteParallelAll,addtocart
result is SKIPPED for test=SuiteParallelAll,addtocart]]>
  </system-out>
  <testcase classname="amazon_Project1.Project1_Amazon.TestCase09_Addtocart_Project1" name="addtocart" time="49.702"/>
  <system-out>
    <![CDATA[Test started for test=SuiteParallelAll,addtocart
result is passed for test=SuiteParallelAll,addtocart]]>
  </system-out>
</testsuite> <!-- amazon_Project1.Project1_Amazon.TestCase09_Addtocart_Project1 -->
