<?xml version="1.0" encoding="UTF-8"?>
<!-- Generated by org.testng.reporters.JUnitReportReporter -->
<testsuite hostname="BhosaleA" failures="0" tests="1" name="amazon_Project1.Project1_Amazon.Testcase6_VerifyFilter" time="22.293" errors="0" timestamp="2025-01-27T10:22:42 IST" skipped="0">
  <testcase classname="amazon_Project1.Project1_Amazon.Testcase6_VerifyFilter" name="verifyFilter" time="22.293"/>
  <system-out/>
</testsuite> <!-- amazon_Project1.Project1_Amazon.Testcase6_VerifyFilter -->
