<?xml version="1.0" encoding="UTF-8"?>
<!-- Generated by org.testng.reporters.JUnitReportReporter -->
<testsuite hostname="BhosaleA" failures="0" tests="2" name="amazon_Project1.Project1_Amazon.Testcase00007_ProductDetailsPage_project1_Enhanced" time="80.865" errors="0" timestamp="2025-02-04T05:53:26 IST" skipped="0">
  <testcase classname="amazon_Project1.Project1_Amazon.Testcase00007_ProductDetailsPage_project1_Enhanced" name="verifyProductDetails" time="40.647"/>
  <system-out>
    <![CDATA[Test started for test=verifyProductDetails
result is passed for test=verifyProductDetails]]>
  </system-out>
  <testcase classname="amazon_Project1.Project1_Amazon.Testcase00007_ProductDetailsPage_project1_Enhanced" name="verifyProductDetails" time="40.218"/>
  <system-out>
    <![CDATA[Test started for test=verifyProductDetails
result is passed for test=verifyProductDetails]]>
  </system-out>
</testsuite> <!-- amazon_Project1.Project1_Amazon.Testcase00007_ProductDetailsPage_project1_Enhanced -->
