<?xml version="1.0" encoding="UTF-8"?>
<!-- Generated by org.testng.reporters.JUnitReportReporter -->
<testsuite hostname="BhosaleA" failures="0" tests="1" name="amazon_Project1.Project1_Amazon.Testcase15_Cartpage_Withoutlogin" time="218.972" errors="0" timestamp="2025-02-01T20:34:05 IST" skipped="0">
  <testcase classname="amazon_Project1.Project1_Amazon.Testcase15_Cartpage_Withoutlogin" name="cartpage_withoutlogin" time="218.972"/>
  <system-out/>
</testsuite> <!-- amazon_Project1.Project1_Amazon.Testcase15_Cartpage_Withoutlogin -->
