<?xml version="1.0" encoding="UTF-8"?>
<!-- Generated by org.testng.reporters.JUnitReportReporter -->
<testsuite hostname="BhosaleA" failures="0" tests="3" name="amazon_Project1.Project1_Amazon.Testcase08_VerifySort_Project1" time="87.737" errors="0" timestamp="2025-01-30T11:49:06 IST" skipped="1">
  <testcase classname="amazon_Project1.Project1_Amazon.Testcase08_VerifySort_Project1" name="verifySort" time="25.306"/>
  <system-out>
    <![CDATA[result is passed for test=verifySort]]>
  </system-out>
  <testcase classname="amazon_Project1.Project1_Amazon.Testcase08_VerifySort_Project1" name="verifySort" time="29.850"/>
  <system-out>
    <![CDATA[result is passed for test=verifySort]]>
  </system-out>
  <testcase classname="amazon_Project1.Project1_Amazon.Testcase08_VerifySort_Project1" name="verifySort" time="32.581">
    <skipped/>
  </testcase> <!-- verifySort -->
  <system-out/>
</testsuite> <!-- amazon_Project1.Project1_Amazon.Testcase08_VerifySort_Project1 -->
