<?xml version="1.0" encoding="UTF-8"?>
<!-- Generated by org.testng.reporters.JUnitReportReporter -->
<testsuite hostname="BhosaleA" failures="0" tests="2" name="amazon_Project1.Project1_Amazon.TestCase02_Loginwithdataprovider" time="25.625" errors="0" timestamp="2025-01-29T06:42:50 IST" skipped="0">
  <testcase classname="amazon_Project1.Project1_Amazon.TestCase02_Loginwithdataprovider" name="loginwithcorrectcred" time="13.150"/>
  <system-out/>
  <testcase classname="amazon_Project1.Project1_Amazon.TestCase02_Loginwithdataprovider" name="loginwithcorrectcred" time="12.475"/>
  <system-out/>
</testsuite> <!-- amazon_Project1.Project1_Amazon.TestCase02_Loginwithdataprovider -->
