<?xml version="1.0" encoding="UTF-8"?>
<!-- Generated by org.testng.reporters.JUnitReportReporter -->
<testsuite hostname="BhosaleA" failures="0" tests="1" name="amazon_Project1.Project1_Amazon.TestCase09_Addtocart_Project1" time="23.255" errors="0" timestamp="2025-02-04T02:14:16 IST" skipped="0">
  <testcase classname="amazon_Project1.Project1_Amazon.TestCase09_Addtocart_Project1" name="addtocart" time="23.255"/>
  <system-out>
    <![CDATA[Test started for test=addtocart
result is passed for test=addtocart]]>
  </system-out>
</testsuite> <!-- amazon_Project1.Project1_Amazon.TestCase09_Addtocart_Project1 -->
