<?xml version="1.0" encoding="UTF-8"?>
<!-- Generated by org.testng.reporters.JUnitReportReporter -->
<testsuite hostname="BhosaleA" failures="0" tests="3" name="amazon_Project1.Project1_Amazon.Testcase13_applycoupen" time="103.933" errors="0" timestamp="2025-01-28T12:51:54 IST" skipped="1">
  <testcase classname="amazon_Project1.Project1_Amazon.Testcase13_applycoupen" name="applycoupen" time="38.962"/>
  <system-out>
    <![CDATA[result is passed for test=applycoupen]]>
  </system-out>
  <testcase classname="amazon_Project1.Project1_Amazon.Testcase13_applycoupen" name="applycoupen" time="35.478"/>
  <system-out>
    <![CDATA[result is passed for test=applycoupen]]>
  </system-out>
  <testcase classname="amazon_Project1.Project1_Amazon.Testcase13_applycoupen" name="applycoupen" time="29.493">
    <skipped/>
  </testcase> <!-- applycoupen -->
  <system-out/>
</testsuite> <!-- amazon_Project1.Project1_Amazon.Testcase13_applycoupen -->
