<?xml version="1.0" encoding="UTF-8"?>
<!-- Generated by org.testng.reporters.JUnitReportReporter -->
<testsuite hostname="BhosaleA" failures="0" tests="1" name="amazon_Project1.Project1_Amazon.Testcase07_ProductDetailsPage_project1" time="273.095" errors="0" timestamp="2025-02-01T20:34:05 IST" skipped="0">
  <testcase classname="amazon_Project1.Project1_Amazon.Testcase07_ProductDetailsPage_project1" name="verifyProductDetails" time="273.095"/>
  <system-out>
    <![CDATA[result is passed for test=verifyProductDetails]]>
  </system-out>
</testsuite> <!-- amazon_Project1.Project1_Amazon.Testcase07_ProductDetailsPage_project1 -->
