<?xml version="1.0" encoding="UTF-8"?>
<!-- Generated by org.testng.reporters.JUnitReportReporter -->
<testsuite hostname="BhosaleA" failures="0" tests="1" name="amazon_Project1.Project1_Amazon.TestCase03_LoginwithIncorrect" time="53.176" errors="0" timestamp="2025-02-04T12:34:28 IST" skipped="0">
  <testcase classname="amazon_Project1.Project1_Amazon.TestCase03_LoginwithIncorrect" name="loginwithincorrectcred" time="53.176"/>
  <system-out>
    <![CDATA[Test started for test=SuiteParallelAll,loginwithincorrectcred
result is passed for test=SuiteParallelAll,loginwithincorrectcred]]>
  </system-out>
</testsuite> <!-- amazon_Project1.Project1_Amazon.TestCase03_LoginwithIncorrect -->
