<?xml version="1.0" encoding="UTF-8"?>
<!-- Generated by org.testng.reporters.JUnitReportReporter -->
<testsuite hostname="BhosaleA" failures="0" tests="1" name="amazon_Project1.Project1_Amazon.TestCase04_Editprofile" time="65.721" errors="0" timestamp="2025-02-04T12:34:28 IST" skipped="0">
  <testcase classname="amazon_Project1.Project1_Amazon.TestCase04_Editprofile" name="editprofile" time="65.721"/>
  <system-out>
    <![CDATA[Test started for test=SuiteParallelAll,editprofile
result is passed for test=SuiteParallelAll,editprofile]]>
  </system-out>
</testsuite> <!-- amazon_Project1.Project1_Amazon.TestCase04_Editprofile -->
