<?xml version="1.0" encoding="UTF-8"?>
<!-- Generated by org.testng.reporters.JUnitReportReporter -->
<testsuite hostname="BhosaleA" failures="0" tests="1" name="amazon_Project1.Project1_Amazon.Testcase08_VerifySort_Project1" time="80.549" errors="0" timestamp="2025-02-04T06:01:21 IST" skipped="0">
  <testcase classname="amazon_Project1.Project1_Amazon.Testcase08_VerifySort_Project1" name="verifySort" time="80.549"/>
  <system-out>
    <![CDATA[Test started for test=verifySort
result is passed for test=verifySort]]>
  </system-out>
</testsuite> <!-- amazon_Project1.Project1_Amazon.Testcase08_VerifySort_Project1 -->
