<?xml version="1.0" encoding="UTF-8"?>
<!-- Generated by org.testng.reporters.JUnitReportReporter -->
<testsuite hostname="BhosaleA" failures="0" tests="3" name="amazon_Project1.Project1_Amazon.TestCase10_AddandRemoveCart_Project1" time="284.474" errors="0" timestamp="2025-02-04T06:01:21 IST" skipped="2">
  <testcase classname="amazon_Project1.Project1_Amazon.TestCase10_AddandRemoveCart_Project1" name="addandremove" time="99.081">
    <skipped/>
  </testcase> <!-- addandremove -->
  <system-out>
    <![CDATA[Test started for test=addandremove
result is SKIPPED for test=addandremove]]>
  </system-out>
  <testcase classname="amazon_Project1.Project1_Amazon.TestCase10_AddandRemoveCart_Project1" name="addandremove" time="71.378">
    <skipped/>
  </testcase> <!-- addandremove -->
  <system-out>
    <![CDATA[Test started for test=addandremove
result is SKIPPED for test=addandremove]]>
  </system-out>
  <testcase classname="amazon_Project1.Project1_Amazon.TestCase10_AddandRemoveCart_Project1" name="addandremove" time="114.015"/>
  <system-out>
    <![CDATA[Test started for test=addandremove
result is passed for test=addandremove]]>
  </system-out>
</testsuite> <!-- amazon_Project1.Project1_Amazon.TestCase10_AddandRemoveCart_Project1 -->
