<?xml version="1.0" encoding="UTF-8"?>
<!-- Generated by org.testng.reporters.JUnitReportReporter -->
<testsuite hostname="BhosaleA" failures="0" tests="1" name="amazon_Project1.Project1_Amazon.TestCase03_LoginwithIncorrect" time="12.913" errors="0" timestamp="2025-02-03T10:53:46 IST" skipped="0">
  <testcase classname="amazon_Project1.Project1_Amazon.TestCase03_LoginwithIncorrect" name="loginwithincorrectcred" time="12.913"/>
  <system-out>
    <![CDATA[Test started for test=loginwithincorrectcred
result is passed for test=loginwithincorrectcred]]>
  </system-out>
</testsuite> <!-- amazon_Project1.Project1_Amazon.TestCase03_LoginwithIncorrect -->
