<?xml version="1.0" encoding="UTF-8"?>
<!-- Generated by org.testng.reporters.JUnitReportReporter -->
<testsuite hostname="BhosaleA" failures="0" tests="1" name="amazon_Project1.Project1_Amazon.TestCase10_AddandRemoveCart_Project1" time="278.356" errors="0" timestamp="2025-02-01T20:34:05 IST" skipped="0">
  <testcase classname="amazon_Project1.Project1_Amazon.TestCase10_AddandRemoveCart_Project1" name="addandremove" time="278.356"/>
  <system-out/>
</testsuite> <!-- amazon_Project1.Project1_Amazon.TestCase10_AddandRemoveCart_Project1 -->
