<?xml version="1.0" encoding="UTF-8"?>
<!-- Generated by org.testng.reporters.JUnitReportReporter -->
<testsuite hostname="BhosaleA" failures="0" tests="2" name="amazon_Project1.Project1_Amazon.Testcase06_VerifyFilter" time="68.901" errors="0" timestamp="2025-01-30T11:49:06 IST" skipped="0">
  <testcase classname="amazon_Project1.Project1_Amazon.Testcase06_VerifyFilter" name="verifyFilter" time="33.324"/>
  <system-out>
    <![CDATA[result is passed for test=verifyFilter]]>
  </system-out>
  <testcase classname="amazon_Project1.Project1_Amazon.Testcase06_VerifyFilter" name="verifyFilter" time="35.577"/>
  <system-out>
    <![CDATA[result is passed for test=verifyFilter]]>
  </system-out>
</testsuite> <!-- amazon_Project1.Project1_Amazon.Testcase06_VerifyFilter -->
