<?xml version="1.0" encoding="UTF-8"?>
<!-- Generated by org.testng.reporters.JUnitReportReporter -->
<testsuite hostname="BhosaleA" failures="0" tests="1" name="amazon_Project1.Project1_Amazon.TestCase10_AddandRemoveCart_Project1" time="87.180" errors="0" timestamp="2025-02-04T22:21:46 IST" skipped="0">
  <testcase classname="amazon_Project1.Project1_Amazon.TestCase10_AddandRemoveCart_Project1" name="addandremove" time="87.180"/>
  <system-out>
    <![CDATA[Test started for test=SuiteParallelAll,addandremove
result is passed for test=SuiteParallelAll,addandremove]]>
  </system-out>
</testsuite> <!-- amazon_Project1.Project1_Amazon.TestCase10_AddandRemoveCart_Project1 -->
