<?xml version="1.0" encoding="UTF-8"?>
<!-- Generated by org.testng.reporters.JUnitReportReporter -->
<testsuite hostname="BhosaleA" failures="0" tests="3" name="amazon_Project1.Project1_Amazon.TestCase02_Loginwithdataprovider" time="126.271" errors="0" timestamp="2025-02-04T06:01:21 IST" skipped="1">
  <testcase classname="amazon_Project1.Project1_Amazon.TestCase02_Loginwithdataprovider" name="loginwithcorrectcred" time="44.325"/>
  <system-out>
    <![CDATA[Test started for test=loginwithcorrectcred
result is passed for test=loginwithcorrectcred]]>
  </system-out>
  <testcase classname="amazon_Project1.Project1_Amazon.TestCase02_Loginwithdataprovider" name="loginwithcorrectcred" time="38.482"/>
  <system-out>
    <![CDATA[Test started for test=loginwithcorrectcred
result is passed for test=loginwithcorrectcred]]>
  </system-out>
  <testcase classname="amazon_Project1.Project1_Amazon.TestCase02_Loginwithdataprovider" name="loginwithcorrectcred" time="43.464">
    <skipped/>
  </testcase> <!-- loginwithcorrectcred -->
  <system-out>
    <![CDATA[Test started for test=loginwithcorrectcred
result is SKIPPED for test=loginwithcorrectcred]]>
  </system-out>
</testsuite> <!-- amazon_Project1.Project1_Amazon.TestCase02_Loginwithdataprovider -->
