<?xml version="1.0" encoding="UTF-8"?>
<!-- Generated by org.testng.reporters.JUnitReportReporter -->
<testsuite hostname="BhosaleA" failures="0" tests="1" name="amazon_Project1.Project1_Amazon.Testcase7_ProductDetailsPage_project1_Enhanced" time="31.042" errors="0" timestamp="2025-01-27T12:32:37 IST" skipped="0">
  <testcase classname="amazon_Project1.Project1_Amazon.Testcase7_ProductDetailsPage_project1_Enhanced" name="verifyProductDetails" time="31.042"/>
  <system-out/>
</testsuite> <!-- amazon_Project1.Project1_Amazon.Testcase7_ProductDetailsPage_project1_Enhanced -->
