<?xml version="1.0" encoding="UTF-8"?>
<!-- Generated by org.testng.reporters.JUnitReportReporter -->
<testsuite hostname="BhosaleA" failures="0" tests="2" name="amazon_Project1.Project1_Amazon.Testcase13_applycoupen" time="588.030" errors="0" timestamp="2025-02-03T07:01:59 IST" skipped="0">
  <testcase classname="amazon_Project1.Project1_Amazon.Testcase13_applycoupen" name="applycoupen" time="301.798"/>
  <system-out>
    <![CDATA[result is passed for test=applycoupen]]>
  </system-out>
  <testcase classname="amazon_Project1.Project1_Amazon.Testcase13_applycoupen" name="applycoupen" time="286.232"/>
  <system-out/>
</testsuite> <!-- amazon_Project1.Project1_Amazon.Testcase13_applycoupen -->
