<?xml version="1.0" encoding="UTF-8"?>
<!-- Generated by org.testng.reporters.JUnitReportReporter -->
<testsuite hostname="BhosaleA" failures="0" tests="2" name="amazon_Project1.Project1_Amazon.TestCase10_AddandRemoveCart_Project1" time="117.139" errors="0" timestamp="2025-02-04T12:34:28 IST" skipped="1">
  <testcase classname="amazon_Project1.Project1_Amazon.TestCase10_AddandRemoveCart_Project1" name="addandremove" time="59.098">
    <skipped/>
  </testcase> <!-- addandremove -->
  <system-out>
    <![CDATA[Test started for test=SuiteParallelAll,addandremove
result is SKIPPED for test=SuiteParallelAll,addandremove]]>
  </system-out>
  <testcase classname="amazon_Project1.Project1_Amazon.TestCase10_AddandRemoveCart_Project1" name="addandremove" time="58.041"/>
  <system-out>
    <![CDATA[Test started for test=SuiteParallelAll,addandremove
result is passed for test=SuiteParallelAll,addandremove]]>
  </system-out>
</testsuite> <!-- amazon_Project1.Project1_Amazon.TestCase10_AddandRemoveCart_Project1 -->
