<?xml version="1.0" encoding="UTF-8"?>
<!-- Generated by org.testng.reporters.JUnitReportReporter -->
<testsuite hostname="BhosaleA" failures="0" tests="2" name="amazon_Project1.Project1_Amazon.TestCase04_Editprofile" time="63.614" errors="0" timestamp="2025-01-30T11:49:06 IST" skipped="0">
  <testcase classname="amazon_Project1.Project1_Amazon.TestCase04_Editprofile" name="editprofile" time="34.813"/>
  <system-out>
    <![CDATA[result is passed for test=editprofile]]>
  </system-out>
  <testcase classname="amazon_Project1.Project1_Amazon.TestCase04_Editprofile" name="editprofile" time="28.801"/>
  <system-out>
    <![CDATA[result is passed for test=editprofile]]>
  </system-out>
</testsuite> <!-- amazon_Project1.Project1_Amazon.TestCase04_Editprofile -->
