<?xml version="1.0" encoding="UTF-8"?>
<!-- Generated by org.testng.reporters.JUnitReportReporter -->
<testsuite hostname="BhosaleA" failures="0" tests="3" name="amazon_Project1.Project1_Amazon.TestCase09_Addtocart_Project1" time="139.213" errors="0" timestamp="2025-02-04T12:34:28 IST" skipped="2">
  <testcase classname="amazon_Project1.Project1_Amazon.TestCase09_Addtocart_Project1" name="addtocart" time="52.107"/>
  <system-out>
    <![CDATA[Test started for test=SuiteParallelAll,addtocart
result is passed for test=SuiteParallelAll,addtocart]]>
  </system-out>
  <testcase classname="amazon_Project1.Project1_Amazon.TestCase09_Addtocart_Project1" name="addtocart" time="47.371">
    <skipped/>
  </testcase> <!-- addtocart -->
  <system-out>
    <![CDATA[Test started for test=SuiteParallelAll,addtocart
result is SKIPPED for test=SuiteParallelAll,addtocart]]>
  </system-out>
  <testcase classname="amazon_Project1.Project1_Amazon.TestCase09_Addtocart_Project1" name="addtocart" time="39.735">
    <skipped/>
  </testcase> <!-- addtocart -->
  <system-out>
    <![CDATA[Test started for test=SuiteParallelAll,addtocart
result is SKIPPED for test=SuiteParallelAll,addtocart]]>
  </system-out>
</testsuite> <!-- amazon_Project1.Project1_Amazon.TestCase09_Addtocart_Project1 -->
