<?xml version="1.0" encoding="UTF-8"?>
<!-- Generated by org.testng.reporters.JUnitReportReporter -->
<testsuite hostname="BhosaleA" failures="0" tests="1" name="amazon_Project1.Project1_Amazon.Testcase00007_ProductDetailsPage_project1_Enhanced" time="22.018" errors="0" timestamp="2025-02-04T02:14:16 IST" skipped="0">
  <testcase classname="amazon_Project1.Project1_Amazon.Testcase00007_ProductDetailsPage_project1_Enhanced" name="verifyProductDetails" time="22.018"/>
  <system-out>
    <![CDATA[Test started for test=verifyProductDetails
result is passed for test=verifyProductDetails]]>
  </system-out>
</testsuite> <!-- amazon_Project1.Project1_Amazon.Testcase00007_ProductDetailsPage_project1_Enhanced -->
