<?xml version="1.0" encoding="UTF-8"?>
<!-- Generated by org.testng.reporters.JUnitReportReporter -->
<testsuite hostname="BhosaleA" failures="0" tests="3" name="amazon_Project1.Project1_Amazon.TestCase04_Editprofile" time="85.439" errors="0" timestamp="2025-01-28T12:51:54 IST" skipped="1">
  <testcase classname="amazon_Project1.Project1_Amazon.TestCase04_Editprofile" name="editprofile" time="27.955"/>
  <system-out>
    <![CDATA[result is passed for test=editprofile]]>
  </system-out>
  <testcase classname="amazon_Project1.Project1_Amazon.TestCase04_Editprofile" name="editprofile" time="24.771">
    <skipped/>
  </testcase> <!-- editprofile -->
  <system-out/>
  <testcase classname="amazon_Project1.Project1_Amazon.TestCase04_Editprofile" name="editprofile" time="32.713"/>
  <system-out>
    <![CDATA[result is passed for test=editprofile]]>
  </system-out>
</testsuite> <!-- amazon_Project1.Project1_Amazon.TestCase04_Editprofile -->
