<?xml version="1.0" encoding="UTF-8"?>
<!-- Generated by org.testng.reporters.JUnitReportReporter -->
<testsuite hostname="BhosaleA" failures="0" tests="3" name="amazon_Project1.Project1_Amazon.Testcase15_Cartpage_Withoutlogin" time="105.179" errors="0" timestamp="2025-01-28T12:51:54 IST" skipped="1">
  <testcase classname="amazon_Project1.Project1_Amazon.Testcase15_Cartpage_Withoutlogin" name="cartpage_withoutlogin" time="58.330">
    <skipped/>
  </testcase> <!-- cartpage_withoutlogin -->
  <system-out/>
  <testcase classname="amazon_Project1.Project1_Amazon.Testcase15_Cartpage_Withoutlogin" name="cartpage_withoutlogin" time="21.422"/>
  <system-out>
    <![CDATA[result is passed for test=cartpage_withoutlogin]]>
  </system-out>
  <testcase classname="amazon_Project1.Project1_Amazon.Testcase15_Cartpage_Withoutlogin" name="cartpage_withoutlogin" time="25.427"/>
  <system-out>
    <![CDATA[result is passed for test=cartpage_withoutlogin]]>
  </system-out>
</testsuite> <!-- amazon_Project1.Project1_Amazon.Testcase15_Cartpage_Withoutlogin -->
