<?xml version="1.0" encoding="UTF-8"?>
<!-- Generated by org.testng.reporters.JUnitReportReporter -->
<testsuite hostname="BhosaleA" failures="0" tests="1" name="amazon_Project1.Project1_Amazon.Testcase07_ProductDetailsPage_project1_Enhanced" time="35.422" errors="0" timestamp="2025-01-28T10:50:26 IST" skipped="0">
  <testcase classname="amazon_Project1.Project1_Amazon.Testcase07_ProductDetailsPage_project1_Enhanced" name="verifyProductDetails" time="35.422"/>
  <system-out/>
</testsuite> <!-- amazon_Project1.Project1_Amazon.Testcase07_ProductDetailsPage_project1_Enhanced -->
