<?xml version="1.0" encoding="UTF-8"?>
<!-- Generated by org.testng.reporters.JUnitReportReporter -->
<testsuite hostname="BhosaleA" failures="0" tests="1" name="amazon_Project1.Project1_Amazon.Testcase5_SearchProduct_Project1" time="13.760" errors="0" timestamp="2025-01-27T09:45:44 IST" skipped="0">
  <testcase classname="amazon_Project1.Project1_Amazon.Testcase5_SearchProduct_Project1" name="searchproduct1" time="13.760"/>
  <system-out/>
</testsuite> <!-- amazon_Project1.Project1_Amazon.Testcase5_SearchProduct_Project1 -->
