<?xml version="1.0" encoding="UTF-8"?>
<!-- Generated by org.testng.reporters.JUnitReportReporter -->
<testsuite hostname="BhosaleA" failures="0" tests="1" name="amazon_Project1.Project1_Amazon.Testcase08_VerifySort_Project1" time="61.439" errors="0" timestamp="2025-02-04T22:21:46 IST" skipped="0">
  <testcase classname="amazon_Project1.Project1_Amazon.Testcase08_VerifySort_Project1" name="verifySort" time="61.439"/>
  <system-out>
    <![CDATA[Test started for test=SuiteParallelAll,verifySort
result is passed for test=SuiteParallelAll,verifySort]]>
  </system-out>
</testsuite> <!-- amazon_Project1.Project1_Amazon.Testcase08_VerifySort_Project1 -->
