<?xml version="1.0" encoding="UTF-8"?>
<!-- Generated by org.testng.reporters.JUnitReportReporter -->
<testsuite hostname="BhosaleA" failures="0" tests="1" name="amazon_Project1.Project1_Amazon.TestCase3_LoginwithIncorrect" time="9.050" errors="0" timestamp="2025-01-27T10:23:51 IST" skipped="0">
  <testcase classname="amazon_Project1.Project1_Amazon.TestCase3_LoginwithIncorrect" name="loginwithincorrectcred" time="9.050"/>
  <system-out/>
</testsuite> <!-- amazon_Project1.Project1_Amazon.TestCase3_LoginwithIncorrect -->
