<?xml version="1.0" encoding="UTF-8"?>
<!-- Generated by org.testng.reporters.JUnitReportReporter -->
<testsuite hostname="BhosaleA" failures="0" tests="1" name="amazon_Project1.Project1_Amazon.Testcase8_VerifySort_Project1" time="19.519" errors="0" timestamp="2025-01-27T09:53:19 IST" skipped="0">
  <testcase classname="amazon_Project1.Project1_Amazon.Testcase8_VerifySort_Project1" name="verifySort" time="19.519"/>
  <system-out/>
</testsuite> <!-- amazon_Project1.Project1_Amazon.Testcase8_VerifySort_Project1 -->
