<?xml version="1.0" encoding="UTF-8"?>
<!-- Generated by org.testng.reporters.JUnitReportReporter -->
<testsuite hostname="BhosaleA" failures="0" tests="1" name="amazon_Project1.Project1_Amazon.Testcase1_Registration" time="11.412" errors="0" timestamp="2025-01-25T22:45:46 IST" skipped="0">
  <testcase classname="amazon_Project1.Project1_Amazon.Testcase1_Registration" name="registration" time="11.412"/>
  <system-out/>
</testsuite> <!-- amazon_Project1.Project1_Amazon.Testcase1_Registration -->
