<?xml version="1.0" encoding="UTF-8"?>
<!-- Generated by org.testng.reporters.JUnitReportReporter -->
<testsuite hostname="BhosaleA" failures="0" tests="1" name="amazon_Project1.Project1_Amazon.TestCase09_Addtocart_Project1" time="200.981" errors="0" timestamp="2025-02-05T09:34:50 IST" skipped="0">
  <testcase classname="amazon_Project1.Project1_Amazon.TestCase09_Addtocart_Project1" name="addtocart" time="200.981">
    <system-out>
      <![CDATA[Test started for test=SuiteParallelAll,addtocart
result is passed for test=SuiteParallelAll,addtocart]]>
    </system-out>
  </testcase> <!-- addtocart -->
  <system-out>
    <![CDATA[Test started for test=SuiteParallelAll,addtocart
Test started for test=SuiteParallelAll,cartpage_withoutlogin
Test started for test=SuiteParallelAll,applycoupen
Test started for test=SuiteParallelAll,verifySort
Test started for test=SuiteParallelAll,loginwithincorrectcred
Test started for test=SuiteParallelAll,verifyProductDetails
Test started for test=SuiteParallelAll,addandremove
Test started for test=SuiteParallelAll,verifyFilter
Test started for test=SuiteParallelAll,allpaymentmethod
Test started for test=SuiteParallelAll,editprofile
Test started for test=SuiteParallelAll,searchproduct1
result is passed for test=SuiteParallelAll,loginwithincorrectcred
Test started for test=SuiteParallelAll,loginwithcorrectcred
Test started for test=SuiteParallelAll,checkout
result is passed for test=SuiteParallelAll,cartpage_withoutlogin
result is passed for test=SuiteParallelAll,applycoupen
result is passed for test=SuiteParallelAll,searchproduct1
result is passed for test=SuiteParallelAll,loginwithcorrectcred
result is passed for test=SuiteParallelAll,verifyProductDetails
result is passed for test=SuiteParallelAll,editprofile
result is passed for test=SuiteParallelAll,verifyFilter
result is passed for test=SuiteParallelAll,verifySort
result is passed for test=SuiteParallelAll,addandremove
result is passed for test=SuiteParallelAll,addtocart
result is passed for test=SuiteParallelAll,allpaymentmethod
result is passed for test=SuiteParallelAll,checkout
Test started for test=SuiteParallelAll,loginwithcorrectcred
result is SKIPPED for test=SuiteParallelAll,loginwithcorrectcred
Test started for test=SuiteParallelAll,loginwithcorrectcred
result is SKIPPED for test=SuiteParallelAll,loginwithcorrectcred
Test started for test=SuiteParallelAll,loginwithcorrectcred
result is failed for test=SuiteParallelAll,loginwithcorrectcred
Test started for test=Suite-CrossBrowser,editprofile
result is passed for test=Suite-CrossBrowser,editprofile
Test started for test=Suite-CrossBrowser,searchproduct1
result is passed for test=Suite-CrossBrowser,searchproduct1
Test started for test=Suite-CrossBrowser,editprofile
result is SKIPPED for test=Suite-CrossBrowser,editprofile
Test started for test=Suite-CrossBrowser,editprofile
result is SKIPPED for test=Suite-CrossBrowser,editprofile
Test started for test=Suite-CrossBrowser,editprofile
result is failed for test=Suite-CrossBrowser,editprofile
Test started for test=Suite-CrossBrowser,searchproduct1
result is SKIPPED for test=Suite-CrossBrowser,searchproduct1
Test started for test=Suite-CrossBrowser,searchproduct1
result is passed for test=Suite-CrossBrowser,searchproduct1
Test started for test=Suite-ParallelMethodsCrossBrowser,editprofile
Test started for test=Suite-ParallelMethodsCrossBrowser,searchproduct1
result is passed for test=Suite-ParallelMethodsCrossBrowser,searchproduct1
result is passed for test=Suite-ParallelMethodsCrossBrowser,editprofile
Test started for test=Suite-ParallelMethodsCrossBrowser,searchproduct1
Test started for test=Suite-ParallelMethodsCrossBrowser,editprofile
result is passed for test=Suite-ParallelMethodsCrossBrowser,searchproduct1
result is SKIPPED for test=Suite-ParallelMethodsCrossBrowser,editprofile
Test started for test=Suite-ParallelMethodsCrossBrowser,editprofile
result is SKIPPED for test=Suite-ParallelMethodsCrossBrowser,editprofile
Test started for test=Suite-ParallelMethodsCrossBrowser,editprofile
result is failed for test=Suite-ParallelMethodsCrossBrowser,editprofile]]>
  </system-out>
</testsuite> <!-- amazon_Project1.Project1_Amazon.TestCase09_Addtocart_Project1 -->
