<?xml version="1.0" encoding="UTF-8"?>
<!-- Generated by org.testng.reporters.JUnitReportReporter -->
<testsuite hostname="BhosaleA" failures="0" tests="1" name="amazon_Project1.Project1_Amazon.Testcase08_VerifySort_Project1" time="17.157" errors="0" timestamp="2025-02-04T02:27:56 IST" skipped="0">
  <testcase classname="amazon_Project1.Project1_Amazon.Testcase08_VerifySort_Project1" name="verifySort" time="17.157">
    <system-out>
      <![CDATA[Test started for test=verifySort
result is passed for test=verifySort]]>
    </system-out>
  </testcase> <!-- verifySort -->
  <system-out>
    <![CDATA[Test started for test=addandremove
result is passed for test=addandremove
Test started for test=addtocart
result is passed for test=addtocart
Test started for test=cartpage_withoutlogin
result is passed for test=cartpage_withoutlogin
Test started for test=editprofile
result is passed for test=editprofile
Test started for test=searchproduct1
result is passed for test=searchproduct1
Test started for test=verifyFilter
result is passed for test=verifyFilter
Test started for test=verifyProductDetails
result is passed for test=verifyProductDetails
Test started for test=verifySort
result is passed for test=verifySort
Test started for test=applycoupen
result is passed for test=applycoupen
Test started for test=verifyProductDetails
result is passed for test=verifyProductDetails
Test started for test=loginwithincorrectcred
result is passed for test=loginwithincorrectcred
Test started for test=loginwithcorrectcred
result is passed for test=loginwithcorrectcred
Test started for test=loginwithcorrectcred
result is SKIPPED for test=loginwithcorrectcred
Test started for test=loginwithcorrectcred
result is passed for test=loginwithcorrectcred
Test started for test=allpaymentmethod
result is passed for test=allpaymentmethod
Test started for test=checkout
result is passed for test=checkout]]>
  </system-out>
</testsuite> <!-- amazon_Project1.Project1_Amazon.Testcase08_VerifySort_Project1 -->
