<?xml version="1.0" encoding="UTF-8"?>
<!-- Generated by org.testng.reporters.JUnitReportReporter -->
<testsuite hostname="BhosaleA" failures="0" tests="4" name="amazon_Project1.Project1_Amazon.TestCase02_Loginwithcorrectcred" time="146.953" errors="0" timestamp="2025-01-30T20:28:41 IST" skipped="0">
  <testcase classname="amazon_Project1.Project1_Amazon.TestCase02_Loginwithcorrectcred" name="loginwithcorrectcred" time="41.406">
    <system-out>
      <![CDATA[result is passed for test=loginwithcorrectcred]]>
    </system-out>
  </testcase> <!-- loginwithcorrectcred -->
  <testcase classname="amazon_Project1.Project1_Amazon.TestCase02_Loginwithcorrectcred" name="loginwithcorrectcred" time="22.512">
    <system-out>
      <![CDATA[result is passed for test=loginwithcorrectcred]]>
    </system-out>
  </testcase> <!-- loginwithcorrectcred -->
  <testcase classname="amazon_Project1.Project1_Amazon.TestCase02_Loginwithcorrectcred" name="loginwithcorrectcred" time="39.055">
    <system-out>
      <![CDATA[result is passed for test=loginwithcorrectcred]]>
    </system-out>
  </testcase> <!-- loginwithcorrectcred -->
  <testcase classname="amazon_Project1.Project1_Amazon.TestCase02_Loginwithcorrectcred" name="loginwithcorrectcred" time="43.980">
    <system-out>
      <![CDATA[result is passed for test=loginwithcorrectcred]]>
    </system-out>
  </testcase> <!-- loginwithcorrectcred -->
  <system-out>
    <![CDATA[result is passed for test=addandremove
result is passed for test=addandremove
result is passed for test=registration
result is passed for test=addtocart
result is failed for test=null
result is passed for test=editprofile
result is failed for test=null
result is passed for test=searchproduct1
result is passed for test=verifyFilter
result is failed for test=null
result is passed for test=cartpage_withoutlogin
result is passed for test=verifySort
result is passed for test=applycoupen
result is passed for test=editprofile
result is passed for test=loginwithcorrectcred
result is passed for test=loginwithcorrectcred
result is passed for test=searchproduct1
result is passed for test=verifyProductDetails
result is passed for test=verifyFilter
result is failed for test=null
result is failed for test=null
result is failed for test=null
result is passed for test=loginwithincorrectcred
result is passed for test=loginwithcorrectcred
result is passed for test=loginwithcorrectcred
result is passed for test=allpaymentmethod
result is failed for test=null
result is failed for test=null
result is passed for test=loginwithincorrectcred
result is failed for test=null
result is failed for test=null
result is failed for test=null]]>
  </system-out>
</testsuite> <!-- amazon_Project1.Project1_Amazon.TestCase02_Loginwithcorrectcred -->
