<?xml version="1.0" encoding="UTF-8"?>
<!-- Generated by org.testng.reporters.JUnitReportReporter -->
<testsuite hostname="BhosaleA" failures="0" tests="2" name="amazon_Project1.Project1_Amazon.Testcase05_SearchProduct_Project1" time="73.582" errors="0" timestamp="2025-01-30T20:28:41 IST" skipped="0">
  <testcase classname="amazon_Project1.Project1_Amazon.Testcase05_SearchProduct_Project1" name="searchproduct1" time="29.412">
    <system-out>
      <![CDATA[result is passed for test=searchproduct1]]>
    </system-out>
  </testcase> <!-- searchproduct1 -->
  <testcase classname="amazon_Project1.Project1_Amazon.Testcase05_SearchProduct_Project1" name="searchproduct1" time="44.170">
    <system-out>
      <![CDATA[result is passed for test=searchproduct1]]>
    </system-out>
  </testcase> <!-- searchproduct1 -->
  <system-out>
    <![CDATA[result is passed for test=addandremove
result is passed for test=addandremove
result is passed for test=registration
result is passed for test=addtocart
result is failed for test=null
result is passed for test=editprofile
result is failed for test=null
result is passed for test=searchproduct1
result is passed for test=verifyFilter
result is failed for test=null
result is passed for test=cartpage_withoutlogin
result is passed for test=verifySort
result is passed for test=applycoupen
result is passed for test=editprofile
result is passed for test=loginwithcorrectcred
result is passed for test=loginwithcorrectcred
result is passed for test=searchproduct1
result is passed for test=verifyProductDetails
result is passed for test=verifyFilter
result is failed for test=null
result is failed for test=null
result is failed for test=null
result is passed for test=loginwithincorrectcred
result is passed for test=loginwithcorrectcred
result is passed for test=loginwithcorrectcred
result is passed for test=allpaymentmethod
result is failed for test=null
result is failed for test=null
result is passed for test=loginwithincorrectcred
result is failed for test=null
result is failed for test=null
result is failed for test=null]]>
  </system-out>
</testsuite> <!-- amazon_Project1.Project1_Amazon.Testcase05_SearchProduct_Project1 -->
