<?xml version="1.0" encoding="UTF-8"?>
<!-- Generated by org.testng.reporters.JUnitReportReporter -->
<testsuite hostname="BhosaleA" failures="0" tests="10" name="amazon_Project1.Project1_Amazon.TestCase04_Editprofile" time="449.391" errors="3" timestamp="2025-02-05T09:34:50 IST" skipped="4">
  <testcase classname="amazon_Project1.Project1_Amazon.TestCase04_Editprofile" name="editprofile" time="60.343">
    <error message="Cannot invoke &quot;org.openqa.selenium.WebDriver.getClass()&quot; because &quot;exceptionDriver&quot; is null" type="java.lang.NullPointerException">
      <![CDATA[java.lang.NullPointerException: Cannot invoke "org.openqa.selenium.WebDriver.getClass()" because "exceptionDriver" is null
at org.openqa.selenium.support.ui.WebDriverWait.timeoutException(WebDriverWait.java:85)
at org.openqa.selenium.support.ui.FluentWait.until(FluentWait.java:228)
at amazon_Project1.Project1_Amazon.EditProfilePage_Project1.manageprofile(EditProfilePage_Project1.java:38)
at amazon_Project1.Project1_Amazon.TestCase04_Editprofile.editprofile(TestCase04_Editprofile.java:18)
at java.base/jdk.internal.reflect.DirectMethodHandleAccessor.invoke(DirectMethodHandleAccessor.java:103)
at java.base/java.lang.reflect.Method.invoke(Method.java:580)
at org.testng.internal.invokers.MethodInvocationHelper.invokeMethod(MethodInvocationHelper.java:141)
at org.testng.internal.invokers.TestInvoker.invokeMethod(TestInvoker.java:686)
at org.testng.internal.invokers.TestInvoker.retryFailed(TestInvoker.java:269)
at org.testng.internal.invokers.MethodRunner.runInSequence(MethodRunner.java:76)
at org.testng.internal.invokers.TestInvoker$MethodInvocationAgent.invoke(TestInvoker.java:992)
at org.testng.internal.invokers.TestInvoker.invokeTestMethods(TestInvoker.java:203)
at org.testng.internal.invokers.TestMethodWorker.invokeTestMethods(TestMethodWorker.java:154)
at org.testng.internal.invokers.TestMethodWorker.run(TestMethodWorker.java:134)
at java.base/java.util.concurrent.Executors$RunnableAdapter.call(Executors.java:572)
at java.base/java.util.concurrent.FutureTask.run(FutureTask.java:317)
at org.testng.internal.thread.graph.TestNGFutureTask.run(TestNGFutureTask.java:22)
at java.base/java.util.concurrent.ThreadPoolExecutor.runWorker(ThreadPoolExecutor.java:1144)
at java.base/java.util.concurrent.ThreadPoolExecutor$Worker.run(ThreadPoolExecutor.java:642)
at java.base/java.lang.Thread.run(Thread.java:1575)
]]>
    </error>
    <system-out>
      <![CDATA[Test started for test=Suite-ParallelMethodsCrossBrowser,editprofile
result is failed for test=Suite-ParallelMethodsCrossBrowser,editprofile]]>
    </system-out>
  </testcase> <!-- editprofile -->
  <testcase classname="amazon_Project1.Project1_Amazon.TestCase04_Editprofile" name="editprofile" time="67.232">
    <skipped/>
    <system-out>
      <![CDATA[Test started for test=Suite-ParallelMethodsCrossBrowser,editprofile
result is SKIPPED for test=Suite-ParallelMethodsCrossBrowser,editprofile]]>
    </system-out>
  </testcase> <!-- editprofile -->
  <testcase classname="amazon_Project1.Project1_Amazon.TestCase04_Editprofile" name="launchbrowser" time="11.600">
    <error message="Could not start a new session. Response code 500. Message: Process unexpectedly closed with status 0 
Host info: host: &#039;BHOSALEA&#039;, ip: &#039;192.168.1.40&#039;
Build info: version: &#039;4.27.0&#039;, revision: &#039;d6e718d134&#039;
System info: os.name: &#039;Windows 11&#039;, os.arch: &#039;amd64&#039;, os.version: &#039;10.0&#039;, java.version: &#039;23&#039;
Driver info: org.openqa.selenium.firefox.FirefoxDriver
Command: [null, newSession {capabilities=[Capabilities {acceptInsecureCerts: true, browserName: firefox, moz:debuggerAddress: true, moz:firefoxOptions: {binary: C:\Program Files\Mozilla Fi..., prefs: {remote.active-protocols: 3}}}]}]" type="org.openqa.selenium.SessionNotCreatedException">
      <![CDATA[org.openqa.selenium.SessionNotCreatedException: Could not start a new session. Response code 500. Message: Process unexpectedly closed with status 0 
Host info: host: 'BHOSALEA', ip: '192.168.1.40'
Build info: version: '4.27.0', revision: 'd6e718d134'
System info: os.name: 'Windows 11', os.arch: 'amd64', os.version: '10.0', java.version: '23'
Driver info: org.openqa.selenium.firefox.FirefoxDriver
Command: [null, newSession {capabilities=[Capabilities {acceptInsecureCerts: true, browserName: firefox, moz:debuggerAddress: true, moz:firefoxOptions: {binary: C:\Program Files\Mozilla Fi..., prefs: {remote.active-protocols: 3}}}]}]
at org.openqa.selenium.remote.ProtocolHandshake.createSession(ProtocolHandshake.java:114)
at org.openqa.selenium.remote.ProtocolHandshake.createSession(ProtocolHandshake.java:75)
at org.openqa.selenium.remote.ProtocolHandshake.createSession(ProtocolHandshake.java:61)
at org.openqa.selenium.remote.HttpCommandExecutor.execute(HttpCommandExecutor.java:162)
at org.openqa.selenium.remote.service.DriverCommandExecutor.invokeExecute(DriverCommandExecutor.java:216)
at org.openqa.selenium.remote.service.DriverCommandExecutor.execute(DriverCommandExecutor.java:174)
at org.openqa.selenium.remote.RemoteWebDriver.execute(RemoteWebDriver.java:545)
at org.openqa.selenium.remote.RemoteWebDriver.startSession(RemoteWebDriver.java:245)
at org.openqa.selenium.remote.RemoteWebDriver.<init>(RemoteWebDriver.java:174)
at org.openqa.selenium.firefox.FirefoxDriver.<init>(FirefoxDriver.java:155)
at org.openqa.selenium.firefox.FirefoxDriver.<init>(FirefoxDriver.java:150)
at org.openqa.selenium.firefox.FirefoxDriver.<init>(FirefoxDriver.java:132)
at org.openqa.selenium.firefox.FirefoxDriver.<init>(FirefoxDriver.java:127)
at org.openqa.selenium.firefox.FirefoxDriver.<init>(FirefoxDriver.java:112)
at org.openqa.selenium.firefox.FirefoxDriver.<init>(FirefoxDriver.java:102)
at amazon_Project1.Project1_Amazon.LoginandQuit.launchbrowser(LoginandQuit.java:33)
at java.base/jdk.internal.reflect.DirectMethodHandleAccessor.invoke(DirectMethodHandleAccessor.java:103)
at java.base/java.lang.reflect.Method.invoke(Method.java:580)
at org.testng.internal.invokers.MethodInvocationHelper.invokeMethod(MethodInvocationHelper.java:141)
at org.testng.internal.invokers.MethodInvocationHelper.invokeMethodConsideringTimeout(MethodInvocationHelper.java:71)
at org.testng.internal.invokers.ConfigInvoker.invokeConfigurationMethod(ConfigInvoker.java:400)
at org.testng.internal.invokers.ConfigInvoker.invokeConfigurations(ConfigInvoker.java:333)
at org.testng.internal.invokers.TestInvoker.runConfigMethods(TestInvoker.java:833)
at org.testng.internal.invokers.TestInvoker.invokeMethod(TestInvoker.java:600)
at org.testng.internal.invokers.TestInvoker.retryFailed(TestInvoker.java:269)
at org.testng.internal.invokers.MethodRunner.runInSequence(MethodRunner.java:76)
at org.testng.internal.invokers.TestInvoker$MethodInvocationAgent.invoke(TestInvoker.java:992)
at org.testng.internal.invokers.TestInvoker.invokeTestMethods(TestInvoker.java:203)
at org.testng.internal.invokers.TestMethodWorker.invokeTestMethods(TestMethodWorker.java:154)
at org.testng.internal.invokers.TestMethodWorker.run(TestMethodWorker.java:134)
at java.base/java.util.ArrayList.forEach(ArrayList.java:1597)
at org.testng.TestRunner.privateRun(TestRunner.java:739)
at org.testng.TestRunner.run(TestRunner.java:614)
at org.testng.SuiteRunner.runTest(SuiteRunner.java:421)
at org.testng.SuiteRunner.runSequentially(SuiteRunner.java:413)
at org.testng.SuiteRunner.privateRun(SuiteRunner.java:373)
at org.testng.SuiteRunner.run(SuiteRunner.java:312)
at org.testng.SuiteRunnerWorker.runSuite(SuiteRunnerWorker.java:52)
at org.testng.SuiteRunnerWorker.run(SuiteRunnerWorker.java:95)
at org.testng.TestNG.runSuitesSequentially(TestNG.java:1274)
at org.testng.TestNG.runSuitesLocally(TestNG.java:1208)
at org.testng.TestNG.runSuites(TestNG.java:1112)
at org.testng.TestNG.run(TestNG.java:1079)
at org.apache.maven.surefire.testng.TestNGExecutor.run(TestNGExecutor.java:308)
at org.apache.maven.surefire.testng.TestNGXmlTestSuite.execute(TestNGXmlTestSuite.java:71)
at org.apache.maven.surefire.testng.TestNGProvider.invoke(TestNGProvider.java:113)
at org.apache.maven.surefire.booter.ForkedBooter.runSuitesInProcess(ForkedBooter.java:385)
at org.apache.maven.surefire.booter.ForkedBooter.execute(ForkedBooter.java:162)
at org.apache.maven.surefire.booter.ForkedBooter.run(ForkedBooter.java:507)
at org.apache.maven.surefire.booter.ForkedBooter.main(ForkedBooter.java:495)
]]>
    </error>
  </testcase> <!-- launchbrowser -->
  <testcase classname="amazon_Project1.Project1_Amazon.TestCase04_Editprofile" name="editprofile" time="24.682">
    <skipped/>
    <system-out>
      <![CDATA[Test started for test=Suite-CrossBrowser,editprofile
result is SKIPPED for test=Suite-CrossBrowser,editprofile]]>
    </system-out>
  </testcase> <!-- editprofile -->
  <testcase classname="amazon_Project1.Project1_Amazon.TestCase04_Editprofile" name="editprofile" time="31.833">
    <skipped/>
    <system-out>
      <![CDATA[Test started for test=Suite-ParallelMethodsCrossBrowser,editprofile
result is SKIPPED for test=Suite-ParallelMethodsCrossBrowser,editprofile]]>
    </system-out>
  </testcase> <!-- editprofile -->
  <testcase classname="amazon_Project1.Project1_Amazon.TestCase04_Editprofile" name="editprofile" time="0.003">
    <error message="Session ID is null. Using WebDriver after calling quit()?
Build info: version: &#039;4.27.0&#039;, revision: &#039;d6e718d134&#039;
System info: os.name: &#039;Windows 11&#039;, os.arch: &#039;amd64&#039;, os.version: &#039;10.0&#039;, java.version: &#039;23&#039;
Driver info: org.openqa.selenium.firefox.FirefoxDriver
Command: [null, actions {actions=[org.openqa.selenium.interactions.Sequence@73393584]}]
Capabilities {acceptInsecureCerts: true, browserName: firefox, browserVersion: 134.0.2, moz:accessibilityChecks: false, moz:buildID: 20250120135430, moz:debuggerAddress: 127.0.0.1:18115, moz:geckodriverVersion: 0.35.0, moz:headless: false, moz:platformVersion: 10.0, moz:processID: 2920, moz:profile: C:\Users\amolb\AppData\Loca..., moz:shutdownTimeout: 60000, moz:webdriverClick: true, moz:windowless: false, pageLoadStrategy: normal, platformName: windows, proxy: Proxy(), se:cdp: ws://127.0.0.1:18115/devtoo..., se:cdpVersion: 85.0, setWindowRect: true, strictFileInteractability: false, timeouts: {implicit: 0, pageLoad: 300000, script: 30000}, unhandledPromptBehavior: dismiss and notify, userAgent: Mozilla/5.0 (Windows NT 10....}" type="org.openqa.selenium.NoSuchSessionException">
      <![CDATA[org.openqa.selenium.NoSuchSessionException: Session ID is null. Using WebDriver after calling quit()?
Build info: version: '4.27.0', revision: 'd6e718d134'
System info: os.name: 'Windows 11', os.arch: 'amd64', os.version: '10.0', java.version: '23'
Driver info: org.openqa.selenium.firefox.FirefoxDriver
Command: [null, actions {actions=[org.openqa.selenium.interactions.Sequence@73393584]}]
Capabilities {acceptInsecureCerts: true, browserName: firefox, browserVersion: 134.0.2, moz:accessibilityChecks: false, moz:buildID: 20250120135430, moz:debuggerAddress: 127.0.0.1:18115, moz:geckodriverVersion: 0.35.0, moz:headless: false, moz:platformVersion: 10.0, moz:processID: 2920, moz:profile: C:\Users\amolb\AppData\Loca..., moz:shutdownTimeout: 60000, moz:webdriverClick: true, moz:windowless: false, pageLoadStrategy: normal, platformName: windows, proxy: Proxy(), se:cdp: ws://127.0.0.1:18115/devtoo..., se:cdpVersion: 85.0, setWindowRect: true, strictFileInteractability: false, timeouts: {implicit: 0, pageLoad: 300000, script: 30000}, unhandledPromptBehavior: dismiss and notify, userAgent: Mozilla/5.0 (Windows NT 10....}
at org.openqa.selenium.remote.HttpCommandExecutor.execute(HttpCommandExecutor.java:151)
at org.openqa.selenium.remote.service.DriverCommandExecutor.invokeExecute(DriverCommandExecutor.java:216)
at org.openqa.selenium.remote.service.DriverCommandExecutor.execute(DriverCommandExecutor.java:174)
at org.openqa.selenium.remote.RemoteWebDriver.execute(RemoteWebDriver.java:545)
at org.openqa.selenium.remote.RemoteWebDriver.perform(RemoteWebDriver.java:631)
at org.openqa.selenium.interactions.Actions$BuiltAction.perform(Actions.java:613)
at org.openqa.selenium.interactions.Actions.perform(Actions.java:578)
at amazon_Project1.Project1_Amazon.HomePage_Project1.Account_list_homepage(HomePage_Project1.java:31)
at amazon_Project1.Project1_Amazon.TestCase04_Editprofile.editprofile(TestCase04_Editprofile.java:11)
at java.base/jdk.internal.reflect.DirectMethodHandleAccessor.invoke(DirectMethodHandleAccessor.java:103)
at java.base/java.lang.reflect.Method.invoke(Method.java:580)
at org.testng.internal.invokers.MethodInvocationHelper.invokeMethod(MethodInvocationHelper.java:141)
at org.testng.internal.invokers.TestInvoker.invokeMethod(TestInvoker.java:686)
at org.testng.internal.invokers.TestInvoker.retryFailed(TestInvoker.java:269)
at org.testng.internal.invokers.MethodRunner.runInSequence(MethodRunner.java:76)
at org.testng.internal.invokers.TestInvoker$MethodInvocationAgent.invoke(TestInvoker.java:992)
at org.testng.internal.invokers.TestInvoker.invokeTestMethods(TestInvoker.java:203)
at org.testng.internal.invokers.TestMethodWorker.invokeTestMethods(TestMethodWorker.java:154)
at org.testng.internal.invokers.TestMethodWorker.run(TestMethodWorker.java:134)
at java.base/java.util.ArrayList.forEach(ArrayList.java:1597)
at org.testng.TestRunner.privateRun(TestRunner.java:739)
at org.testng.TestRunner.run(TestRunner.java:614)
at org.testng.SuiteRunner.runTest(SuiteRunner.java:421)
at org.testng.SuiteRunner.runSequentially(SuiteRunner.java:413)
at org.testng.SuiteRunner.privateRun(SuiteRunner.java:373)
at org.testng.SuiteRunner.run(SuiteRunner.java:312)
at org.testng.SuiteRunnerWorker.runSuite(SuiteRunnerWorker.java:52)
at org.testng.SuiteRunnerWorker.run(SuiteRunnerWorker.java:95)
at org.testng.TestNG.runSuitesSequentially(TestNG.java:1274)
at org.testng.TestNG.runSuitesLocally(TestNG.java:1208)
at org.testng.TestNG.runSuites(TestNG.java:1112)
at org.testng.TestNG.run(TestNG.java:1079)
at org.apache.maven.surefire.testng.TestNGExecutor.run(TestNGExecutor.java:308)
at org.apache.maven.surefire.testng.TestNGXmlTestSuite.execute(TestNGXmlTestSuite.java:71)
at org.apache.maven.surefire.testng.TestNGProvider.invoke(TestNGProvider.java:113)
at org.apache.maven.surefire.booter.ForkedBooter.runSuitesInProcess(ForkedBooter.java:385)
at org.apache.maven.surefire.booter.ForkedBooter.execute(ForkedBooter.java:162)
at org.apache.maven.surefire.booter.ForkedBooter.run(ForkedBooter.java:507)
at org.apache.maven.surefire.booter.ForkedBooter.main(ForkedBooter.java:495)
]]>
    </error>
    <system-out>
      <![CDATA[Test started for test=Suite-CrossBrowser,editprofile
result is failed for test=Suite-CrossBrowser,editprofile]]>
    </system-out>
  </testcase> <!-- editprofile -->
  <testcase classname="amazon_Project1.Project1_Amazon.TestCase04_Editprofile" name="editprofile" time="200.804">
    <system-out>
      <![CDATA[Test started for test=SuiteParallelAll,editprofile
result is passed for test=SuiteParallelAll,editprofile]]>
    </system-out>
  </testcase> <!-- editprofile -->
  <testcase classname="amazon_Project1.Project1_Amazon.TestCase04_Editprofile" name="editprofile" time="0.004">
    <skipped/>
    <system-out>
      <![CDATA[Test started for test=Suite-CrossBrowser,editprofile
result is SKIPPED for test=Suite-CrossBrowser,editprofile]]>
    </system-out>
  </testcase> <!-- editprofile -->
  <testcase classname="amazon_Project1.Project1_Amazon.TestCase04_Editprofile" name="editprofile" time="24.784">
    <system-out>
      <![CDATA[Test started for test=Suite-ParallelMethodsCrossBrowser,editprofile
result is passed for test=Suite-ParallelMethodsCrossBrowser,editprofile]]>
    </system-out>
  </testcase> <!-- editprofile -->
  <testcase classname="amazon_Project1.Project1_Amazon.TestCase04_Editprofile" name="editprofile" time="28.106">
    <system-out>
      <![CDATA[Test started for test=Suite-CrossBrowser,editprofile
result is passed for test=Suite-CrossBrowser,editprofile]]>
    </system-out>
  </testcase> <!-- editprofile -->
  <system-out>
    <![CDATA[Test started for test=SuiteParallelAll,addtocart
Test started for test=SuiteParallelAll,cartpage_withoutlogin
Test started for test=SuiteParallelAll,applycoupen
Test started for test=SuiteParallelAll,verifySort
Test started for test=SuiteParallelAll,loginwithincorrectcred
Test started for test=SuiteParallelAll,verifyProductDetails
Test started for test=SuiteParallelAll,addandremove
Test started for test=SuiteParallelAll,verifyFilter
Test started for test=SuiteParallelAll,allpaymentmethod
Test started for test=SuiteParallelAll,editprofile
Test started for test=SuiteParallelAll,searchproduct1
result is passed for test=SuiteParallelAll,loginwithincorrectcred
Test started for test=SuiteParallelAll,loginwithcorrectcred
Test started for test=SuiteParallelAll,checkout
result is passed for test=SuiteParallelAll,cartpage_withoutlogin
result is passed for test=SuiteParallelAll,applycoupen
result is passed for test=SuiteParallelAll,searchproduct1
result is passed for test=SuiteParallelAll,loginwithcorrectcred
result is passed for test=SuiteParallelAll,verifyProductDetails
result is passed for test=SuiteParallelAll,editprofile
result is passed for test=SuiteParallelAll,verifyFilter
result is passed for test=SuiteParallelAll,verifySort
result is passed for test=SuiteParallelAll,addandremove
result is passed for test=SuiteParallelAll,addtocart
result is passed for test=SuiteParallelAll,allpaymentmethod
result is passed for test=SuiteParallelAll,checkout
Test started for test=SuiteParallelAll,loginwithcorrectcred
result is SKIPPED for test=SuiteParallelAll,loginwithcorrectcred
Test started for test=SuiteParallelAll,loginwithcorrectcred
result is SKIPPED for test=SuiteParallelAll,loginwithcorrectcred
Test started for test=SuiteParallelAll,loginwithcorrectcred
result is failed for test=SuiteParallelAll,loginwithcorrectcred
Test started for test=Suite-CrossBrowser,editprofile
result is passed for test=Suite-CrossBrowser,editprofile
Test started for test=Suite-CrossBrowser,searchproduct1
result is passed for test=Suite-CrossBrowser,searchproduct1
Test started for test=Suite-CrossBrowser,editprofile
result is SKIPPED for test=Suite-CrossBrowser,editprofile
Test started for test=Suite-CrossBrowser,editprofile
result is SKIPPED for test=Suite-CrossBrowser,editprofile
Test started for test=Suite-CrossBrowser,editprofile
result is failed for test=Suite-CrossBrowser,editprofile
Test started for test=Suite-CrossBrowser,searchproduct1
result is SKIPPED for test=Suite-CrossBrowser,searchproduct1
Test started for test=Suite-CrossBrowser,searchproduct1
result is passed for test=Suite-CrossBrowser,searchproduct1
Test started for test=Suite-ParallelMethodsCrossBrowser,editprofile
Test started for test=Suite-ParallelMethodsCrossBrowser,searchproduct1
result is passed for test=Suite-ParallelMethodsCrossBrowser,searchproduct1
result is passed for test=Suite-ParallelMethodsCrossBrowser,editprofile
Test started for test=Suite-ParallelMethodsCrossBrowser,searchproduct1
Test started for test=Suite-ParallelMethodsCrossBrowser,editprofile
result is passed for test=Suite-ParallelMethodsCrossBrowser,searchproduct1
result is SKIPPED for test=Suite-ParallelMethodsCrossBrowser,editprofile
Test started for test=Suite-ParallelMethodsCrossBrowser,editprofile
result is SKIPPED for test=Suite-ParallelMethodsCrossBrowser,editprofile
Test started for test=Suite-ParallelMethodsCrossBrowser,editprofile
result is failed for test=Suite-ParallelMethodsCrossBrowser,editprofile]]>
  </system-out>
</testsuite> <!-- amazon_Project1.Project1_Amazon.TestCase04_Editprofile -->
