<?xml version="1.0" encoding="UTF-8"?>
<!-- Generated by org.testng.reporters.JUnitReportReporter -->
<testsuite hostname="BhosaleA" failures="0" tests="2" name="amazon_Project1.Project1_Amazon.TestCase03_LoginwithIncorrect" time="131.148" errors="0" timestamp="2025-02-03T07:56:43 IST" skipped="0">
  <testcase classname="amazon_Project1.Project1_Amazon.TestCase03_LoginwithIncorrect" name="loginwithincorrectcred" time="69.740">
    <system-out>
      <![CDATA[result is passed for test=loginwithincorrectcred]]>
    </system-out>
  </testcase> <!-- loginwithincorrectcred -->
  <testcase classname="amazon_Project1.Project1_Amazon.TestCase03_LoginwithIncorrect" name="loginwithincorrectcred" time="61.408">
    <system-out>
      <![CDATA[result is passed for test=loginwithincorrectcred]]>
    </system-out>
  </testcase> <!-- loginwithincorrectcred -->
  <system-out>
    <![CDATA[result is passed for test=loginwithcorrectcred
result is passed for test=searchproduct1
result is passed for test=loginwithincorrectcred
result is passed for test=verifyFilter
result is passed for test=editprofile
result is passed for test=verifyProductDetails
result is failed for test=null
result is passed for test=loginwithcorrectcred
result is passed for test=addtocart
result is passed for test=verifySort
result is passed for test=addandremove
result is passed for test=cartpage_withoutlogin
result is passed for test=applycoupen
result is failed for test=null
result is passed for test=loginwithcorrectcred
result is passed for test=allpaymentmethod
result is passed for test=registration
result is passed for test=loginwithincorrectcred
result is passed for test=editprofile
result is failed for test=null
result is passed for test=searchproduct1
result is passed for test=verifyFilter
result is passed for test=verifyProductDetails]]>
  </system-out>
</testsuite> <!-- amazon_Project1.Project1_Amazon.TestCase03_LoginwithIncorrect -->
