<?xml version="1.0" encoding="UTF-8"?>
<!-- Generated by org.testng.reporters.JUnitReportReporter -->
<testsuite hostname="BhosaleA" failures="0" tests="3" name="amazon_Project1.Project1_Amazon.TestCase09_Addtocart_Project1" time="254.043" errors="0" timestamp="2025-02-03T07:56:43 IST" skipped="1">
  <testcase classname="amazon_Project1.Project1_Amazon.TestCase09_Addtocart_Project1" name="addtocart" time="97.895">
    <system-out>
      <![CDATA[result is passed for test=addtocart]]>
    </system-out>
  </testcase> <!-- addtocart -->
  <testcase classname="amazon_Project1.Project1_Amazon.TestCase09_Addtocart_Project1" name="addtocart" time="100.663"/>
  <testcase classname="amazon_Project1.Project1_Amazon.TestCase09_Addtocart_Project1" name="addtocart" time="55.485">
    <skipped/>
  </testcase> <!-- addtocart -->
  <system-out>
    <![CDATA[result is passed for test=loginwithcorrectcred
result is passed for test=searchproduct1
result is passed for test=loginwithincorrectcred
result is passed for test=verifyFilter
result is passed for test=editprofile
result is passed for test=verifyProductDetails
result is failed for test=null
result is passed for test=loginwithcorrectcred
result is passed for test=addtocart
result is passed for test=verifySort
result is passed for test=addandremove
result is passed for test=cartpage_withoutlogin
result is passed for test=applycoupen
result is failed for test=null
result is passed for test=loginwithcorrectcred
result is passed for test=allpaymentmethod
result is passed for test=registration
result is passed for test=loginwithincorrectcred
result is passed for test=editprofile
result is failed for test=null
result is passed for test=searchproduct1
result is passed for test=verifyFilter
result is passed for test=verifyProductDetails]]>
  </system-out>
</testsuite> <!-- amazon_Project1.Project1_Amazon.TestCase09_Addtocart_Project1 -->
