<?xml version="1.0" encoding="UTF-8"?>
<!-- Generated by org.testng.reporters.JUnitReportReporter -->
<testsuite hostname="BhosaleA" failures="0" tests="3" name="amazon_Project1.Project1_Amazon.Testcase15_Cartpage_Withoutlogin" time="64.000" errors="1" timestamp="2025-01-30T20:28:41 IST" skipped="1">
  <testcase classname="amazon_Project1.Project1_Amazon.Testcase15_Cartpage_Withoutlogin" name="cartpage_withoutlogin" time="13.003">
    <skipped/>
  </testcase> <!-- cartpage_withoutlogin -->
  <testcase classname="amazon_Project1.Project1_Amazon.Testcase15_Cartpage_Withoutlogin" name="cartpage_withoutlogin" time="19.638">
    <error type="java.util.NoSuchElementException">
      <![CDATA[java.util.NoSuchElementException
at java.base/java.util.LinkedHashMap$LinkedHashIterator.nextNode(LinkedHashMap.java:1026)
at java.base/java.util.LinkedHashMap$LinkedKeyIterator.next(LinkedHashMap.java:1047)
at amazon_Project1.Project1_Amazon.Product1page_Project1.product(Product1page_Project1.java:46)
at amazon_Project1.Project1_Amazon.Testcase15_Cartpage_Withoutlogin.cartpage_withoutlogin(Testcase15_Cartpage_Withoutlogin.java:12)
at java.base/jdk.internal.reflect.DirectMethodHandleAccessor.invoke(DirectMethodHandleAccessor.java:103)
at java.base/java.lang.reflect.Method.invoke(Method.java:580)
at org.testng.internal.invokers.MethodInvocationHelper.invokeMethod(MethodInvocationHelper.java:141)
at org.testng.internal.invokers.TestInvoker.invokeMethod(TestInvoker.java:686)
at org.testng.internal.invokers.TestInvoker.retryFailed(TestInvoker.java:269)
at org.testng.internal.invokers.MethodRunner.runInSequence(MethodRunner.java:76)
at org.testng.internal.invokers.TestInvoker$MethodInvocationAgent.invoke(TestInvoker.java:992)
at org.testng.internal.invokers.TestInvoker.invokeTestMethods(TestInvoker.java:203)
at org.testng.internal.invokers.TestMethodWorker.invokeTestMethods(TestMethodWorker.java:154)
at org.testng.internal.invokers.TestMethodWorker.run(TestMethodWorker.java:134)
at java.base/java.util.ArrayList.forEach(ArrayList.java:1597)
at org.testng.TestRunner.privateRun(TestRunner.java:739)
at org.testng.TestRunner.run(TestRunner.java:614)
at org.testng.SuiteRunner.runTest(SuiteRunner.java:421)
at org.testng.SuiteRunner$SuiteWorker.run(SuiteRunner.java:463)
at org.testng.internal.thread.ThreadUtil.lambda$execute$0(ThreadUtil.java:64)
at java.base/java.util.concurrent.FutureTask.run(FutureTask.java:317)
at java.base/java.util.concurrent.ThreadPoolExecutor.runWorker(ThreadPoolExecutor.java:1144)
at java.base/java.util.concurrent.ThreadPoolExecutor$Worker.run(ThreadPoolExecutor.java:642)
at java.base/java.lang.Thread.run(Thread.java:1575)
]]>
    </error>
    <system-out>
      <![CDATA[result is failed for test=null]]>
    </system-out>
  </testcase> <!-- cartpage_withoutlogin -->
  <testcase classname="amazon_Project1.Project1_Amazon.Testcase15_Cartpage_Withoutlogin" name="cartpage_withoutlogin" time="31.359">
    <system-out>
      <![CDATA[result is passed for test=cartpage_withoutlogin]]>
    </system-out>
  </testcase> <!-- cartpage_withoutlogin -->
  <system-out>
    <![CDATA[result is passed for test=addandremove
result is passed for test=addandremove
result is passed for test=registration
result is passed for test=addtocart
result is failed for test=null
result is passed for test=editprofile
result is failed for test=null
result is passed for test=searchproduct1
result is passed for test=verifyFilter
result is failed for test=null
result is passed for test=cartpage_withoutlogin
result is passed for test=verifySort
result is passed for test=applycoupen
result is passed for test=editprofile
result is passed for test=loginwithcorrectcred
result is passed for test=loginwithcorrectcred
result is passed for test=searchproduct1
result is passed for test=verifyProductDetails
result is passed for test=verifyFilter
result is failed for test=null
result is failed for test=null
result is failed for test=null
result is passed for test=loginwithincorrectcred
result is passed for test=loginwithcorrectcred
result is passed for test=loginwithcorrectcred
result is passed for test=allpaymentmethod
result is failed for test=null
result is failed for test=null
result is passed for test=loginwithincorrectcred
result is failed for test=null
result is failed for test=null
result is failed for test=null]]>
  </system-out>
</testsuite> <!-- amazon_Project1.Project1_Amazon.Testcase15_Cartpage_Withoutlogin -->
