<?xml version="1.0" encoding="UTF-8"?>
<!-- Generated by org.testng.reporters.JUnitReportReporter -->
<testsuite hostname="BhosaleA" failures="0" tests="5" name="amazon_Project1.Project1_Amazon.TestCase02_Loginwithcorrectcred" time="74.631" errors="0" timestamp="2025-01-29T12:20:32 IST" skipped="1">
  <testcase classname="amazon_Project1.Project1_Amazon.TestCase02_Loginwithcorrectcred" name="loginwithcorrectcred" time="13.604">
    <system-out>
      <![CDATA[result is passed for test=loginwithcorrectcred]]>
    </system-out>
  </testcase> <!-- loginwithcorrectcred -->
  <testcase classname="amazon_Project1.Project1_Amazon.TestCase02_Loginwithcorrectcred" name="loginwithcorrectcred" time="15.698">
    <system-out>
      <![CDATA[result is passed for test=loginwithcorrectcred]]>
    </system-out>
  </testcase> <!-- loginwithcorrectcred -->
  <testcase classname="amazon_Project1.Project1_Amazon.TestCase02_Loginwithcorrectcred" name="loginwithcorrectcred" time="17.644">
    <system-out>
      <![CDATA[result is passed for test=loginwithcorrectcred]]>
    </system-out>
  </testcase> <!-- loginwithcorrectcred -->
  <testcase classname="amazon_Project1.Project1_Amazon.TestCase02_Loginwithcorrectcred" name="loginwithcorrectcred" time="17.578">
    <system-out>
      <![CDATA[result is passed for test=loginwithcorrectcred]]>
    </system-out>
  </testcase> <!-- loginwithcorrectcred -->
  <testcase classname="amazon_Project1.Project1_Amazon.TestCase02_Loginwithcorrectcred" name="loginwithcorrectcred" time="10.107">
    <skipped/>
  </testcase> <!-- loginwithcorrectcred -->
  <system-out>
    <![CDATA[result is passed for test=addandremove
result is failed for test=null
result is failed for test=null
result is failed for test=null
result is failed for test=null
result is passed for test=cartpage_withoutlogin
result is passed for test=editprofile
result is passed for test=searchproduct1
result is failed for test=null
result is passed for test=verifyFilter
result is passed for test=cartpage_withoutlogin
result is passed for test=verifySort
result is failed for test=null
result is passed for test=applycoupen
result is passed for test=loginwithcorrectcred
result is passed for test=loginwithcorrectcred
result is failed for test=null
result is passed for test=verifyProductDetails
result is failed for test=null
result is failed for test=null
result is passed for test=loginwithincorrectcred
result is failed for test=null
result is failed for test=null
result is failed for test=null
result is passed for test=loginwithcorrectcred
result is passed for test=loginwithcorrectcred
result is failed for test=null
result is failed for test=null
result is failed for test=null
result is passed for test=loginwithincorrectcred
result is failed for test=null
result is failed for test=null]]>
  </system-out>
</testsuite> <!-- amazon_Project1.Project1_Amazon.TestCase02_Loginwithcorrectcred -->
